TimeCreated  : 4/27/2026 5:23:53 PM
Id           : 4625
ProviderName : Microsoft-Windows-Security-Auditing
Message      : An account failed to log on.
               
               Subject:
               	Security ID:		S-1-0-0
               	Account Name:		-
               	Account Domain:		-
               	Logon ID:		0x0
               
               Logon Type:			3
               
               Account For Which Logon Failed:
               	Security ID:		S-1-0-0
               	Account Name:		
               	Account Domain:		
               
               Failure Information:
               	Failure Reason:		An Error occured during Logon.
               	Status:			0x80090308
               	Sub Status:		0x0
               
               Process Information:
               	Caller Process ID:	0x0
               	Caller Process Name:	-
               
               Network Information:
               	Workstation Name:	-
               	Source Network Address:	192.168.56.111
               	Source Port:		58514
               
               Detailed Authentication Information:
               	Logon Process:		
               	Authentication Package:	NTLM
               	Transited Services:	-
               	Package Name (NTLM only):	-
               	Key Length:		0
               
               This event is generated when a logon request fails. It is generated on the computer where access was 
               attempted.
               
               The Subject fields indicate the account on the local system which requested the logon. This is most 
               commonly a service such as the Server service, or a local process such as Winlogon.exe or Services.exe.
               
               The Logon Type field indicates the kind of logon that was requested. The most common types are 2 
               (interactive) and 3 (network).
               
               The Process Information fields indicate which account and process on the system requested the logon.
               
               The Network Information fields indicate where a remote logon request originated. Workstation name is 
               not always available and may be left blank in some cases.
               
               The authentication information fields provide detailed information about this specific logon request.
               	- Transited services indicate which intermediate services have participated in this logon request.
               	- Package name indicates which sub-protocol was used among the NTLM protocols.
               	- Key length indicates the length of the generated session key. This will be 0 if no session key was 
               requested.

TimeCreated  : 4/27/2026 5:23:41 PM
Id           : 4625
ProviderName : Microsoft-Windows-Security-Auditing
Message      : An account failed to log on.
               
               Subject:
               	Security ID:		S-1-0-0
               	Account Name:		-
               	Account Domain:		-
               	Logon ID:		0x0
               
               Logon Type:			3
               
               Account For Which Logon Failed:
               	Security ID:		S-1-0-0
               	Account Name:		guest
               	Account Domain:		WIN-MALWARE-LAB
               
               Failure Information:
               	Failure Reason:		Unknown user name or bad password.
               	Status:			0xC000006D
               	Sub Status:		0xC000006A
               
               Process Information:
               	Caller Process ID:	0x0
               	Caller Process Name:	-
               
               Network Information:
               	Workstation Name:	-
               	Source Network Address:	192.168.56.111
               	Source Port:		33448
               
               Detailed Authentication Information:
               	Logon Process:		NtLmSsp 
               	Authentication Package:	NTLM
               	Transited Services:	-
               	Package Name (NTLM only):	-
               	Key Length:		0
               
               This event is generated when a logon request fails. It is generated on the computer where access was 
               attempted.
               
               The Subject fields indicate the account on the local system which requested the logon. This is most 
               commonly a service such as the Server service, or a local process such as Winlogon.exe or Services.exe.
               
               The Logon Type field indicates the kind of logon that was requested. The most common types are 2 
               (interactive) and 3 (network).
               
               The Process Information fields indicate which account and process on the system requested the logon.
               
               The Network Information fields indicate where a remote logon request originated. Workstation name is 
               not always available and may be left blank in some cases.
               
               The authentication information fields provide detailed information about this specific logon request.
               	- Transited services indicate which intermediate services have participated in this logon request.
               	- Package name indicates which sub-protocol was used among the NTLM protocols.
               	- Key length indicates the length of the generated session key. This will be 0 if no session key was 
               requested.

TimeCreated  : 4/27/2026 5:23:41 PM
Id           : 4625
ProviderName : Microsoft-Windows-Security-Auditing
Message      : An account failed to log on.
               
               Subject:
               	Security ID:		S-1-0-0
               	Account Name:		-
               	Account Domain:		-
               	Logon ID:		0x0
               
               Logon Type:			3
               
               Account For Which Logon Failed:
               	Security ID:		S-1-0-0
               	Account Name:		test
               	Account Domain:		WIN-MALWARE-LAB
               
               Failure Information:
               	Failure Reason:		Unknown user name or bad password.
               	Status:			0xC000006D
               	Sub Status:		0xC0000064
               
               Process Information:
               	Caller Process ID:	0x0
               	Caller Process Name:	-
               
               Network Information:
               	Workstation Name:	-
               	Source Network Address:	192.168.56.111
               	Source Port:		33436
               
               Detailed Authentication Information:
               	Logon Process:		NtLmSsp 
               	Authentication Package:	NTLM
               	Transited Services:	-
               	Package Name (NTLM only):	-
               	Key Length:		0
               
               This event is generated when a logon request fails. It is generated on the computer where access was 
               attempted.
               
               The Subject fields indicate the account on the local system which requested the logon. This is most 
               commonly a service such as the Server service, or a local process such as Winlogon.exe or Services.exe.
               
               The Logon Type field indicates the kind of logon that was requested. The most common types are 2 
               (interactive) and 3 (network).
               
               The Process Information fields indicate which account and process on the system requested the logon.
               
               The Network Information fields indicate where a remote logon request originated. Workstation name is 
               not always available and may be left blank in some cases.
               
               The authentication information fields provide detailed information about this specific logon request.
               	- Transited services indicate which intermediate services have participated in this logon request.
               	- Package name indicates which sub-protocol was used among the NTLM protocols.
               	- Key length indicates the length of the generated session key. This will be 0 if no session key was 
               requested.

TimeCreated  : 4/27/2026 5:23:41 PM
Id           : 4625
ProviderName : Microsoft-Windows-Security-Auditing
Message      : An account failed to log on.
               
               Subject:
               	Security ID:		S-1-0-0
               	Account Name:		-
               	Account Domain:		-
               	Logon ID:		0x0
               
               Logon Type:			3
               
               Account For Which Logon Failed:
               	Security ID:		S-1-0-0
               	Account Name:		user
               	Account Domain:		WIN-MALWARE-LAB
               
               Failure Information:
               	Failure Reason:		Unknown user name or bad password.
               	Status:			0xC000006D
               	Sub Status:		0xC0000064
               
               Process Information:
               	Caller Process ID:	0x0
               	Caller Process Name:	-
               
               Network Information:
               	Workstation Name:	-
               	Source Network Address:	192.168.56.111
               	Source Port:		33432
               
               Detailed Authentication Information:
               	Logon Process:		NtLmSsp 
               	Authentication Package:	NTLM
               	Transited Services:	-
               	Package Name (NTLM only):	-
               	Key Length:		0
               
               This event is generated when a logon request fails. It is generated on the computer where access was 
               attempted.
               
               The Subject fields indicate the account on the local system which requested the logon. This is most 
               commonly a service such as the Server service, or a local process such as Winlogon.exe or Services.exe.
               
               The Logon Type field indicates the kind of logon that was requested. The most common types are 2 
               (interactive) and 3 (network).
               
               The Process Information fields indicate which account and process on the system requested the logon.
               
               The Network Information fields indicate where a remote logon request originated. Workstation name is 
               not always available and may be left blank in some cases.
               
               The authentication information fields provide detailed information about this specific logon request.
               	- Transited services indicate which intermediate services have participated in this logon request.
               	- Package name indicates which sub-protocol was used among the NTLM protocols.
               	- Key length indicates the length of the generated session key. This will be 0 if no session key was 
               requested.

TimeCreated  : 4/27/2026 5:23:41 PM
Id           : 4625
ProviderName : Microsoft-Windows-Security-Auditing
Message      : An account failed to log on.
               
               Subject:
               	Security ID:		S-1-0-0
               	Account Name:		-
               	Account Domain:		-
               	Logon ID:		0x0
               
               Logon Type:			3
               
               Account For Which Logon Failed:
               	Security ID:		S-1-0-0
               	Account Name:		admin
               	Account Domain:		WIN-MALWARE-LAB
               
               Failure Information:
               	Failure Reason:		Unknown user name or bad password.
               	Status:			0xC000006D
               	Sub Status:		0xC0000064
               
               Process Information:
               	Caller Process ID:	0x0
               	Caller Process Name:	-
               
               Network Information:
               	Workstation Name:	-
               	Source Network Address:	192.168.56.111
               	Source Port:		33418
               
               Detailed Authentication Information:
               	Logon Process:		NtLmSsp 
               	Authentication Package:	NTLM
               	Transited Services:	-
               	Package Name (NTLM only):	-
               	Key Length:		0
               
               This event is generated when a logon request fails. It is generated on the computer where access was 
               attempted.
               
               The Subject fields indicate the account on the local system which requested the logon. This is most 
               commonly a service such as the Server service, or a local process such as Winlogon.exe or Services.exe.
               
               The Logon Type field indicates the kind of logon that was requested. The most common types are 2 
               (interactive) and 3 (network).
               
               The Process Information fields indicate which account and process on the system requested the logon.
               
               The Network Information fields indicate where a remote logon request originated. Workstation name is 
               not always available and may be left blank in some cases.
               
               The authentication information fields provide detailed information about this specific logon request.
               	- Transited services indicate which intermediate services have participated in this logon request.
               	- Package name indicates which sub-protocol was used among the NTLM protocols.
               	- Key length indicates the length of the generated session key. This will be 0 if no session key was 
               requested.

TimeCreated  : 4/27/2026 5:23:41 PM
Id           : 4625
ProviderName : Microsoft-Windows-Security-Auditing
Message      : An account failed to log on.
               
               Subject:
               	Security ID:		S-1-0-0
               	Account Name:		-
               	Account Domain:		-
               	Logon ID:		0x0
               
               Logon Type:			3
               
               Account For Which Logon Failed:
               	Security ID:		S-1-0-0
               	Account Name:		administrator
               	Account Domain:		WIN-MALWARE-LAB
               
               Failure Information:
               	Failure Reason:		Unknown user name or bad password.
               	Status:			0xC000006D
               	Sub Status:		0xC000006A
               
               Process Information:
               	Caller Process ID:	0x0
               	Caller Process Name:	-
               
               Network Information:
               	Workstation Name:	-
               	Source Network Address:	192.168.56.111
               	Source Port:		33398
               
               Detailed Authentication Information:
               	Logon Process:		NtLmSsp 
               	Authentication Package:	NTLM
               	Transited Services:	-
               	Package Name (NTLM only):	-
               	Key Length:		0
               
               This event is generated when a logon request fails. It is generated on the computer where access was 
               attempted.
               
               The Subject fields indicate the account on the local system which requested the logon. This is most 
               commonly a service such as the Server service, or a local process such as Winlogon.exe or Services.exe.
               
               The Logon Type field indicates the kind of logon that was requested. The most common types are 2 
               (interactive) and 3 (network).
               
               The Process Information fields indicate which account and process on the system requested the logon.
               
               The Network Information fields indicate where a remote logon request originated. Workstation name is 
               not always available and may be left blank in some cases.
               
               The authentication information fields provide detailed information about this specific logon request.
               	- Transited services indicate which intermediate services have participated in this logon request.
               	- Package name indicates which sub-protocol was used among the NTLM protocols.
               	- Key length indicates the length of the generated session key. This will be 0 if no session key was 
               requested.

TimeCreated  : 4/27/2026 5:23:36 PM
Id           : 4625
ProviderName : Microsoft-Windows-Security-Auditing
Message      : An account failed to log on.
               
               Subject:
               	Security ID:		S-1-0-0
               	Account Name:		-
               	Account Domain:		-
               	Logon ID:		0x0
               
               Logon Type:			3
               
               Account For Which Logon Failed:
               	Security ID:		S-1-0-0
               	Account Name:		
               	Account Domain:		
               
               Failure Information:
               	Failure Reason:		An Error occured during Logon.
               	Status:			0x80090308
               	Sub Status:		0x0
               
               Process Information:
               	Caller Process ID:	0x0
               	Caller Process Name:	-
               
               Network Information:
               	Workstation Name:	-
               	Source Network Address:	192.168.56.111
               	Source Port:		33370
               
               Detailed Authentication Information:
               	Logon Process:		
               	Authentication Package:	NTLM
               	Transited Services:	-
               	Package Name (NTLM only):	-
               	Key Length:		0
               
               This event is generated when a logon request fails. It is generated on the computer where access was 
               attempted.
               
               The Subject fields indicate the account on the local system which requested the logon. This is most 
               commonly a service such as the Server service, or a local process such as Winlogon.exe or Services.exe.
               
               The Logon Type field indicates the kind of logon that was requested. The most common types are 2 
               (interactive) and 3 (network).
               
               The Process Information fields indicate which account and process on the system requested the logon.
               
               The Network Information fields indicate where a remote logon request originated. Workstation name is 
               not always available and may be left blank in some cases.
               
               The authentication information fields provide detailed information about this specific logon request.
               	- Transited services indicate which intermediate services have participated in this logon request.
               	- Package name indicates which sub-protocol was used among the NTLM protocols.
               	- Key length indicates the length of the generated session key. This will be 0 if no session key was 
               requested.

TimeCreated  : 4/27/2026 2:17:28 PM
Id           : 4625
ProviderName : Microsoft-Windows-Security-Auditing
Message      : An account failed to log on.
               
               Subject:
               	Security ID:		S-1-0-0
               	Account Name:		-
               	Account Domain:		-
               	Logon ID:		0x0
               
               Logon Type:			3
               
               Account For Which Logon Failed:
               	Security ID:		S-1-0-0
               	Account Name:		guest
               	Account Domain:		WIN-MALWARE-LAB
               
               Failure Information:
               	Failure Reason:		Unknown user name or bad password.
               	Status:			0xC000006D
               	Sub Status:		0xC000006A
               
               Process Information:
               	Caller Process ID:	0x0
               	Caller Process Name:	-
               
               Network Information:
               	Workstation Name:	-
               	Source Network Address:	192.168.56.111
               	Source Port:		44562
               
               Detailed Authentication Information:
               	Logon Process:		NtLmSsp 
               	Authentication Package:	NTLM
               	Transited Services:	-
               	Package Name (NTLM only):	-
               	Key Length:		0
               
               This event is generated when a logon request fails. It is generated on the computer where access was 
               attempted.
               
               The Subject fields indicate the account on the local system which requested the logon. This is most 
               commonly a service such as the Server service, or a local process such as Winlogon.exe or Services.exe.
               
               The Logon Type field indicates the kind of logon that was requested. The most common types are 2 
               (interactive) and 3 (network).
               
               The Process Information fields indicate which account and process on the system requested the logon.
               
               The Network Information fields indicate where a remote logon request originated. Workstation name is 
               not always available and may be left blank in some cases.
               
               The authentication information fields provide detailed information about this specific logon request.
               	- Transited services indicate which intermediate services have participated in this logon request.
               	- Package name indicates which sub-protocol was used among the NTLM protocols.
               	- Key length indicates the length of the generated session key. This will be 0 if no session key was 
               requested.

TimeCreated  : 4/27/2026 2:17:27 PM
Id           : 4625
ProviderName : Microsoft-Windows-Security-Auditing
Message      : An account failed to log on.
               
               Subject:
               	Security ID:		S-1-0-0
               	Account Name:		-
               	Account Domain:		-
               	Logon ID:		0x0
               
               Logon Type:			3
               
               Account For Which Logon Failed:
               	Security ID:		S-1-0-0
               	Account Name:		test
               	Account Domain:		WIN-MALWARE-LAB
               
               Failure Information:
               	Failure Reason:		Unknown user name or bad password.
               	Status:			0xC000006D
               	Sub Status:		0xC0000064
               
               Process Information:
               	Caller Process ID:	0x0
               	Caller Process Name:	-
               
               Network Information:
               	Workstation Name:	-
               	Source Network Address:	192.168.56.111
               	Source Port:		44546
               
               Detailed Authentication Information:
               	Logon Process:		NtLmSsp 
               	Authentication Package:	NTLM
               	Transited Services:	-
               	Package Name (NTLM only):	-
               	Key Length:		0
               
               This event is generated when a logon request fails. It is generated on the computer where access was 
               attempted.
               
               The Subject fields indicate the account on the local system which requested the logon. This is most 
               commonly a service such as the Server service, or a local process such as Winlogon.exe or Services.exe.
               
               The Logon Type field indicates the kind of logon that was requested. The most common types are 2 
               (interactive) and 3 (network).
               
               The Process Information fields indicate which account and process on the system requested the logon.
               
               The Network Information fields indicate where a remote logon request originated. Workstation name is 
               not always available and may be left blank in some cases.
               
               The authentication information fields provide detailed information about this specific logon request.
               	- Transited services indicate which intermediate services have participated in this logon request.
               	- Package name indicates which sub-protocol was used among the NTLM protocols.
               	- Key length indicates the length of the generated session key. This will be 0 if no session key was 
               requested.

TimeCreated  : 4/27/2026 2:17:27 PM
Id           : 4625
ProviderName : Microsoft-Windows-Security-Auditing
Message      : An account failed to log on.
               
               Subject:
               	Security ID:		S-1-0-0
               	Account Name:		-
               	Account Domain:		-
               	Logon ID:		0x0
               
               Logon Type:			3
               
               Account For Which Logon Failed:
               	Security ID:		S-1-0-0
               	Account Name:		user
               	Account Domain:		WIN-MALWARE-LAB
               
               Failure Information:
               	Failure Reason:		Unknown user name or bad password.
               	Status:			0xC000006D
               	Sub Status:		0xC0000064
               
               Process Information:
               	Caller Process ID:	0x0
               	Caller Process Name:	-
               
               Network Information:
               	Workstation Name:	-
               	Source Network Address:	192.168.56.111
               	Source Port:		44532
               
               Detailed Authentication Information:
               	Logon Process:		NtLmSsp 
               	Authentication Package:	NTLM
               	Transited Services:	-
               	Package Name (NTLM only):	-
               	Key Length:		0
               
               This event is generated when a logon request fails. It is generated on the computer where access was 
               attempted.
               
               The Subject fields indicate the account on the local system which requested the logon. This is most 
               commonly a service such as the Server service, or a local process such as Winlogon.exe or Services.exe.
               
               The Logon Type field indicates the kind of logon that was requested. The most common types are 2 
               (interactive) and 3 (network).
               
               The Process Information fields indicate which account and process on the system requested the logon.
               
               The Network Information fields indicate where a remote logon request originated. Workstation name is 
               not always available and may be left blank in some cases.
               
               The authentication information fields provide detailed information about this specific logon request.
               	- Transited services indicate which intermediate services have participated in this logon request.
               	- Package name indicates which sub-protocol was used among the NTLM protocols.
               	- Key length indicates the length of the generated session key. This will be 0 if no session key was 
               requested.

TimeCreated  : 4/27/2026 2:17:27 PM
Id           : 4625
ProviderName : Microsoft-Windows-Security-Auditing
Message      : An account failed to log on.
               
               Subject:
               	Security ID:		S-1-0-0
               	Account Name:		-
               	Account Domain:		-
               	Logon ID:		0x0
               
               Logon Type:			3
               
               Account For Which Logon Failed:
               	Security ID:		S-1-0-0
               	Account Name:		admin
               	Account Domain:		WIN-MALWARE-LAB
               
               Failure Information:
               	Failure Reason:		Unknown user name or bad password.
               	Status:			0xC000006D
               	Sub Status:		0xC0000064
               
               Process Information:
               	Caller Process ID:	0x0
               	Caller Process Name:	-
               
               Network Information:
               	Workstation Name:	-
               	Source Network Address:	192.168.56.111
               	Source Port:		44508
               
               Detailed Authentication Information:
               	Logon Process:		NtLmSsp 
               	Authentication Package:	NTLM
               	Transited Services:	-
               	Package Name (NTLM only):	-
               	Key Length:		0
               
               This event is generated when a logon request fails. It is generated on the computer where access was 
               attempted.
               
               The Subject fields indicate the account on the local system which requested the logon. This is most 
               commonly a service such as the Server service, or a local process such as Winlogon.exe or Services.exe.
               
               The Logon Type field indicates the kind of logon that was requested. The most common types are 2 
               (interactive) and 3 (network).
               
               The Process Information fields indicate which account and process on the system requested the logon.
               
               The Network Information fields indicate where a remote logon request originated. Workstation name is 
               not always available and may be left blank in some cases.
               
               The authentication information fields provide detailed information about this specific logon request.
               	- Transited services indicate which intermediate services have participated in this logon request.
               	- Package name indicates which sub-protocol was used among the NTLM protocols.
               	- Key length indicates the length of the generated session key. This will be 0 if no session key was 
               requested.

TimeCreated  : 4/27/2026 2:17:27 PM
Id           : 4625
ProviderName : Microsoft-Windows-Security-Auditing
Message      : An account failed to log on.
               
               Subject:
               	Security ID:		S-1-0-0
               	Account Name:		-
               	Account Domain:		-
               	Logon ID:		0x0
               
               Logon Type:			3
               
               Account For Which Logon Failed:
               	Security ID:		S-1-0-0
               	Account Name:		administrator
               	Account Domain:		WIN-MALWARE-LAB
               
               Failure Information:
               	Failure Reason:		Unknown user name or bad password.
               	Status:			0xC000006D
               	Sub Status:		0xC000006A
               
               Process Information:
               	Caller Process ID:	0x0
               	Caller Process Name:	-
               
               Network Information:
               	Workstation Name:	-
               	Source Network Address:	192.168.56.111
               	Source Port:		44484
               
               Detailed Authentication Information:
               	Logon Process:		NtLmSsp 
               	Authentication Package:	NTLM
               	Transited Services:	-
               	Package Name (NTLM only):	-
               	Key Length:		0
               
               This event is generated when a logon request fails. It is generated on the computer where access was 
               attempted.
               
               The Subject fields indicate the account on the local system which requested the logon. This is most 
               commonly a service such as the Server service, or a local process such as Winlogon.exe or Services.exe.
               
               The Logon Type field indicates the kind of logon that was requested. The most common types are 2 
               (interactive) and 3 (network).
               
               The Process Information fields indicate which account and process on the system requested the logon.
               
               The Network Information fields indicate where a remote logon request originated. Workstation name is 
               not always available and may be left blank in some cases.
               
               The authentication information fields provide detailed information about this specific logon request.
               	- Transited services indicate which intermediate services have participated in this logon request.
               	- Package name indicates which sub-protocol was used among the NTLM protocols.
               	- Key length indicates the length of the generated session key. This will be 0 if no session key was 
               requested.

TimeCreated  : 4/27/2026 2:17:22 PM
Id           : 4625
ProviderName : Microsoft-Windows-Security-Auditing
Message      : An account failed to log on.
               
               Subject:
               	Security ID:		S-1-0-0
               	Account Name:		-
               	Account Domain:		-
               	Logon ID:		0x0
               
               Logon Type:			3
               
               Account For Which Logon Failed:
               	Security ID:		S-1-0-0
               	Account Name:		
               	Account Domain:		
               
               Failure Information:
               	Failure Reason:		An Error occured during Logon.
               	Status:			0x80090308
               	Sub Status:		0x0
               
               Process Information:
               	Caller Process ID:	0x0
               	Caller Process Name:	-
               
               Network Information:
               	Workstation Name:	-
               	Source Network Address:	192.168.56.111
               	Source Port:		44456
               
               Detailed Authentication Information:
               	Logon Process:		
               	Authentication Package:	NTLM
               	Transited Services:	-
               	Package Name (NTLM only):	-
               	Key Length:		0
               
               This event is generated when a logon request fails. It is generated on the computer where access was 
               attempted.
               
               The Subject fields indicate the account on the local system which requested the logon. This is most 
               commonly a service such as the Server service, or a local process such as Winlogon.exe or Services.exe.
               
               The Logon Type field indicates the kind of logon that was requested. The most common types are 2 
               (interactive) and 3 (network).
               
               The Process Information fields indicate which account and process on the system requested the logon.
               
               The Network Information fields indicate where a remote logon request originated. Workstation name is 
               not always available and may be left blank in some cases.
               
               The authentication information fields provide detailed information about this specific logon request.
               	- Transited services indicate which intermediate services have participated in this logon request.
               	- Package name indicates which sub-protocol was used among the NTLM protocols.
               	- Key length indicates the length of the generated session key. This will be 0 if no session key was 
               requested.

TimeCreated  : 4/27/2026 2:17:18 PM
Id           : 4625
ProviderName : Microsoft-Windows-Security-Auditing
Message      : An account failed to log on.
               
               Subject:
               	Security ID:		S-1-0-0
               	Account Name:		-
               	Account Domain:		-
               	Logon ID:		0x0
               
               Logon Type:			3
               
               Account For Which Logon Failed:
               	Security ID:		S-1-0-0
               	Account Name:		guest
               	Account Domain:		WIN-MALWARE-LAB
               
               Failure Information:
               	Failure Reason:		Unknown user name or bad password.
               	Status:			0xC000006D
               	Sub Status:		0xC000006A
               
               Process Information:
               	Caller Process ID:	0x0
               	Caller Process Name:	-
               
               Network Information:
               	Workstation Name:	-
               	Source Network Address:	192.168.56.111
               	Source Port:		35800
               
               Detailed Authentication Information:
               	Logon Process:		NtLmSsp 
               	Authentication Package:	NTLM
               	Transited Services:	-
               	Package Name (NTLM only):	-
               	Key Length:		0
               
               This event is generated when a logon request fails. It is generated on the computer where access was 
               attempted.
               
               The Subject fields indicate the account on the local system which requested the logon. This is most 
               commonly a service such as the Server service, or a local process such as Winlogon.exe or Services.exe.
               
               The Logon Type field indicates the kind of logon that was requested. The most common types are 2 
               (interactive) and 3 (network).
               
               The Process Information fields indicate which account and process on the system requested the logon.
               
               The Network Information fields indicate where a remote logon request originated. Workstation name is 
               not always available and may be left blank in some cases.
               
               The authentication information fields provide detailed information about this specific logon request.
               	- Transited services indicate which intermediate services have participated in this logon request.
               	- Package name indicates which sub-protocol was used among the NTLM protocols.
               	- Key length indicates the length of the generated session key. This will be 0 if no session key was 
               requested.

TimeCreated  : 4/27/2026 2:17:18 PM
Id           : 4625
ProviderName : Microsoft-Windows-Security-Auditing
Message      : An account failed to log on.
               
               Subject:
               	Security ID:		S-1-0-0
               	Account Name:		-
               	Account Domain:		-
               	Logon ID:		0x0
               
               Logon Type:			3
               
               Account For Which Logon Failed:
               	Security ID:		S-1-0-0
               	Account Name:		test
               	Account Domain:		WIN-MALWARE-LAB
               
               Failure Information:
               	Failure Reason:		Unknown user name or bad password.
               	Status:			0xC000006D
               	Sub Status:		0xC0000064
               
               Process Information:
               	Caller Process ID:	0x0
               	Caller Process Name:	-
               
               Network Information:
               	Workstation Name:	-
               	Source Network Address:	192.168.56.111
               	Source Port:		35788
               
               Detailed Authentication Information:
               	Logon Process:		NtLmSsp 
               	Authentication Package:	NTLM
               	Transited Services:	-
               	Package Name (NTLM only):	-
               	Key Length:		0
               
               This event is generated when a logon request fails. It is generated on the computer where access was 
               attempted.
               
               The Subject fields indicate the account on the local system which requested the logon. This is most 
               commonly a service such as the Server service, or a local process such as Winlogon.exe or Services.exe.
               
               The Logon Type field indicates the kind of logon that was requested. The most common types are 2 
               (interactive) and 3 (network).
               
               The Process Information fields indicate which account and process on the system requested the logon.
               
               The Network Information fields indicate where a remote logon request originated. Workstation name is 
               not always available and may be left blank in some cases.
               
               The authentication information fields provide detailed information about this specific logon request.
               	- Transited services indicate which intermediate services have participated in this logon request.
               	- Package name indicates which sub-protocol was used among the NTLM protocols.
               	- Key length indicates the length of the generated session key. This will be 0 if no session key was 
               requested.



