TimeCreated  : 6/30/2026 12:24:44 PM
Id           : 4624
ProviderName : Microsoft-Windows-Security-Auditing
Message      : An account was successfully logged on.
               
               Subject:
               	Security ID:		S-1-5-18
               	Account Name:		WIN-MALWARE-LAB$
               	Account Domain:		WORKGROUP
               	Logon ID:		0x3E7
               
               Logon Information:
               	Logon Type:		5
               	Restricted Admin Mode:	-
               	Virtual Account:		Yes
               	Elevated Token:		Yes
               
               Impersonation Level:		Impersonation
               
               New Logon:
               	Security ID:		S-1-5-111-3847866527-469524349-687026318-516638107-1125189541-5128
               	Account Name:		sshd_5128
               	Account Domain:		VIRTUAL USERS
               	Logon ID:		0xDCB9B8
               	Linked Logon ID:		0x0
               	Network Account Name:	-
               	Network Account Domain:	-
               	Logon GUID:		{00000000-0000-0000-0000-000000000000}
               
               Process Information:
               	Process ID:		0x1408
               	Process Name:		C:\Windows\System32\OpenSSH\sshd.exe
               
               Network Information:
               	Workstation Name:	-
               	Source Network Address:	-
               	Source Port:		-
               
               Detailed Authentication Information:
               	Logon Process:		Advapi  
               	Authentication Package:	Negotiate
               	Transited Services:	-
               	Package Name (NTLM only):	-
               	Key Length:		0
               
               This event is generated when a logon session is created. It is generated on the computer that was 
               accessed.
               
               The subject fields indicate the account on the local system which requested the logon. This is most 
               commonly a service such as the Server service, or a local process such as Winlogon.exe or Services.exe.
               
               The logon type field indicates the kind of logon that occurred. The most common types are 2 
               (interactive) and 3 (network).
               
               The New Logon fields indicate the account for whom the new logon was created, i.e. the account that was 
               logged on.
               
               The network fields indicate where a remote logon request originated. Workstation name is not always 
               available and may be left blank in some cases.
               
               The impersonation level field indicates the extent to which a process in the logon session can 
               impersonate.
               
               The authentication information fields provide detailed information about this specific logon request.
               	- Logon GUID is a unique identifier that can be used to correlate this event with a KDC event.
               	- Transited services indicate which intermediate services have participated in this logon request.
               	- Package name indicates which sub-protocol was used among the NTLM protocols.
               	- Key length indicates the length of the generated session key. This will be 0 if no session key was 
               requested.

TimeCreated  : 6/30/2026 12:24:25 PM
Id           : 4625
ProviderName : Microsoft-Windows-Security-Auditing
Message      : An account failed to log on.
               
               Subject:
               	Security ID:		S-1-5-18
               	Account Name:		WIN-MALWARE-LAB$
               	Account Domain:		WORKGROUP
               	Logon ID:		0x3E7
               
               Logon Type:			8
               
               Account For Which Logon Failed:
               	Security ID:		S-1-0-0
               	Account Name:		NOUSER
               	Account Domain:		WIN-MALWARE-LAB
               
               Failure Information:
               	Failure Reason:		Unknown user name or bad password.
               	Status:			0xC000006D
               	Sub Status:		0xC0000064
               
               Process Information:
               	Caller Process ID:	0xc40
               	Caller Process Name:	C:\Windows\System32\OpenSSH\sshd.exe
               
               Network Information:
               	Workstation Name:	WIN-MALWARE-LAB
               	Source Network Address:	-
               	Source Port:		-
               
               Detailed Authentication Information:
               	Logon Process:		Advapi  
               	Authentication Package:	Negotiate
               	Transited Services:	-
               	Package Name (NTLM only):	-
               	Key Length:		0
               
               This event is generated when a logon request fails. It is generated on the computer where access was 
               attempted.
               
               The Subject fields indicate the account on the local system which requested the logon. This is most 
               commonly a service such as the Server service, or a local process such as Winlogon.exe or Services.exe.
               
               The Logon Type field indicates the kind of logon that was requested. The most common types are 2 
               (interactive) and 3 (network).
               
               The Process Information fields indicate which account and process on the system requested the logon.
               
               The Network Information fields indicate where a remote logon request originated. Workstation name is 
               not always available and may be left blank in some cases.
               
               The authentication information fields provide detailed information about this specific logon request.
               	- Transited services indicate which intermediate services have participated in this logon request.
               	- Package name indicates which sub-protocol was used among the NTLM protocols.
               	- Key length indicates the length of the generated session key. This will be 0 if no session key was 
               requested.

TimeCreated  : 6/30/2026 12:24:23 PM
Id           : 4625
ProviderName : Microsoft-Windows-Security-Auditing
Message      : An account failed to log on.
               
               Subject:
               	Security ID:		S-1-5-18
               	Account Name:		WIN-MALWARE-LAB$
               	Account Domain:		WORKGROUP
               	Logon ID:		0x3E7
               
               Logon Type:			8
               
               Account For Which Logon Failed:
               	Security ID:		S-1-0-0
               	Account Name:		NOUSER
               	Account Domain:		WIN-MALWARE-LAB
               
               Failure Information:
               	Failure Reason:		Unknown user name or bad password.
               	Status:			0xC000006D
               	Sub Status:		0xC0000064
               
               Process Information:
               	Caller Process ID:	0xc40
               	Caller Process Name:	C:\Windows\System32\OpenSSH\sshd.exe
               
               Network Information:
               	Workstation Name:	WIN-MALWARE-LAB
               	Source Network Address:	-
               	Source Port:		-
               
               Detailed Authentication Information:
               	Logon Process:		Advapi  
               	Authentication Package:	Negotiate
               	Transited Services:	-
               	Package Name (NTLM only):	-
               	Key Length:		0
               
               This event is generated when a logon request fails. It is generated on the computer where access was 
               attempted.
               
               The Subject fields indicate the account on the local system which requested the logon. This is most 
               commonly a service such as the Server service, or a local process such as Winlogon.exe or Services.exe.
               
               The Logon Type field indicates the kind of logon that was requested. The most common types are 2 
               (interactive) and 3 (network).
               
               The Process Information fields indicate which account and process on the system requested the logon.
               
               The Network Information fields indicate where a remote logon request originated. Workstation name is 
               not always available and may be left blank in some cases.
               
               The authentication information fields provide detailed information about this specific logon request.
               	- Transited services indicate which intermediate services have participated in this logon request.
               	- Package name indicates which sub-protocol was used among the NTLM protocols.
               	- Key length indicates the length of the generated session key. This will be 0 if no session key was 
               requested.

TimeCreated  : 6/30/2026 12:24:21 PM
Id           : 4624
ProviderName : Microsoft-Windows-Security-Auditing
Message      : An account was successfully logged on.
               
               Subject:
               	Security ID:		S-1-5-18
               	Account Name:		WIN-MALWARE-LAB$
               	Account Domain:		WORKGROUP
               	Logon ID:		0x3E7
               
               Logon Information:
               	Logon Type:		5
               	Restricted Admin Mode:	-
               	Virtual Account:		Yes
               	Elevated Token:		Yes
               
               Impersonation Level:		Impersonation
               
               New Logon:
               	Security ID:		S-1-5-111-3847866527-469524349-687026318-516638107-1125189541-3136
               	Account Name:		sshd_3136
               	Account Domain:		VIRTUAL USERS
               	Logon ID:		0xDCAC2A
               	Linked Logon ID:		0x0
               	Network Account Name:	-
               	Network Account Domain:	-
               	Logon GUID:		{00000000-0000-0000-0000-000000000000}
               
               Process Information:
               	Process ID:		0xc40
               	Process Name:		C:\Windows\System32\OpenSSH\sshd.exe
               
               Network Information:
               	Workstation Name:	-
               	Source Network Address:	-
               	Source Port:		-
               
               Detailed Authentication Information:
               	Logon Process:		Advapi  
               	Authentication Package:	Negotiate
               	Transited Services:	-
               	Package Name (NTLM only):	-
               	Key Length:		0
               
               This event is generated when a logon session is created. It is generated on the computer that was 
               accessed.
               
               The subject fields indicate the account on the local system which requested the logon. This is most 
               commonly a service such as the Server service, or a local process such as Winlogon.exe or Services.exe.
               
               The logon type field indicates the kind of logon that occurred. The most common types are 2 
               (interactive) and 3 (network).
               
               The New Logon fields indicate the account for whom the new logon was created, i.e. the account that was 
               logged on.
               
               The network fields indicate where a remote logon request originated. Workstation name is not always 
               available and may be left blank in some cases.
               
               The impersonation level field indicates the extent to which a process in the logon session can 
               impersonate.
               
               The authentication information fields provide detailed information about this specific logon request.
               	- Logon GUID is a unique identifier that can be used to correlate this event with a KDC event.
               	- Transited services indicate which intermediate services have participated in this logon request.
               	- Package name indicates which sub-protocol was used among the NTLM protocols.
               	- Key length indicates the length of the generated session key. This will be 0 if no session key was 
               requested.

TimeCreated  : 6/30/2026 12:24:13 PM
Id           : 4624
ProviderName : Microsoft-Windows-Security-Auditing
Message      : An account was successfully logged on.
               
               Subject:
               	Security ID:		S-1-5-18
               	Account Name:		WIN-MALWARE-LAB$
               	Account Domain:		WORKGROUP
               	Logon ID:		0x3E7
               
               Logon Information:
               	Logon Type:		5
               	Restricted Admin Mode:	-
               	Virtual Account:		No
               	Elevated Token:		Yes
               
               Impersonation Level:		Impersonation
               
               New Logon:
               	Security ID:		S-1-5-18
               	Account Name:		SYSTEM
               	Account Domain:		NT AUTHORITY
               	Logon ID:		0x3E7
               	Linked Logon ID:		0x0
               	Network Account Name:	-
               	Network Account Domain:	-
               	Logon GUID:		{00000000-0000-0000-0000-000000000000}
               
               Process Information:
               	Process ID:		0x274
               	Process Name:		C:\Windows\System32\services.exe
               
               Network Information:
               	Workstation Name:	-
               	Source Network Address:	-
               	Source Port:		-
               
               Detailed Authentication Information:
               	Logon Process:		Advapi  
               	Authentication Package:	Negotiate
               	Transited Services:	-
               	Package Name (NTLM only):	-
               	Key Length:		0
               
               This event is generated when a logon session is created. It is generated on the computer that was 
               accessed.
               
               The subject fields indicate the account on the local system which requested the logon. This is most 
               commonly a service such as the Server service, or a local process such as Winlogon.exe or Services.exe.
               
               The logon type field indicates the kind of logon that occurred. The most common types are 2 
               (interactive) and 3 (network).
               
               The New Logon fields indicate the account for whom the new logon was created, i.e. the account that was 
               logged on.
               
               The network fields indicate where a remote logon request originated. Workstation name is not always 
               available and may be left blank in some cases.
               
               The impersonation level field indicates the extent to which a process in the logon session can 
               impersonate.
               
               The authentication information fields provide detailed information about this specific logon request.
               	- Logon GUID is a unique identifier that can be used to correlate this event with a KDC event.
               	- Transited services indicate which intermediate services have participated in this logon request.
               	- Package name indicates which sub-protocol was used among the NTLM protocols.
               	- Key length indicates the length of the generated session key. This will be 0 if no session key was 
               requested.

TimeCreated  : 6/30/2026 12:24:02 PM
Id           : 4625
ProviderName : Microsoft-Windows-Security-Auditing
Message      : An account failed to log on.
               
               Subject:
               	Security ID:		S-1-5-18
               	Account Name:		WIN-MALWARE-LAB$
               	Account Domain:		WORKGROUP
               	Logon ID:		0x3E7
               
               Logon Type:			8
               
               Account For Which Logon Failed:
               	Security ID:		S-1-0-0
               	Account Name:		NOUSER
               	Account Domain:		WIN-MALWARE-LAB
               
               Failure Information:
               	Failure Reason:		Unknown user name or bad password.
               	Status:			0xC000006D
               	Sub Status:		0xC0000064
               
               Process Information:
               	Caller Process ID:	0x132c
               	Caller Process Name:	C:\Windows\System32\OpenSSH\sshd.exe
               
               Network Information:
               	Workstation Name:	WIN-MALWARE-LAB
               	Source Network Address:	-
               	Source Port:		-
               
               Detailed Authentication Information:
               	Logon Process:		Advapi  
               	Authentication Package:	Negotiate
               	Transited Services:	-
               	Package Name (NTLM only):	-
               	Key Length:		0
               
               This event is generated when a logon request fails. It is generated on the computer where access was 
               attempted.
               
               The Subject fields indicate the account on the local system which requested the logon. This is most 
               commonly a service such as the Server service, or a local process such as Winlogon.exe or Services.exe.
               
               The Logon Type field indicates the kind of logon that was requested. The most common types are 2 
               (interactive) and 3 (network).
               
               The Process Information fields indicate which account and process on the system requested the logon.
               
               The Network Information fields indicate where a remote logon request originated. Workstation name is 
               not always available and may be left blank in some cases.
               
               The authentication information fields provide detailed information about this specific logon request.
               	- Transited services indicate which intermediate services have participated in this logon request.
               	- Package name indicates which sub-protocol was used among the NTLM protocols.
               	- Key length indicates the length of the generated session key. This will be 0 if no session key was 
               requested.

TimeCreated  : 6/30/2026 12:23:56 PM
Id           : 4624
ProviderName : Microsoft-Windows-Security-Auditing
Message      : An account was successfully logged on.
               
               Subject:
               	Security ID:		S-1-5-18
               	Account Name:		WIN-MALWARE-LAB$
               	Account Domain:		WORKGROUP
               	Logon ID:		0x3E7
               
               Logon Information:
               	Logon Type:		5
               	Restricted Admin Mode:	-
               	Virtual Account:		Yes
               	Elevated Token:		Yes
               
               Impersonation Level:		Impersonation
               
               New Logon:
               	Security ID:		S-1-5-111-3847866527-469524349-687026318-516638107-1125189541-4908
               	Account Name:		sshd_4908
               	Account Domain:		VIRTUAL USERS
               	Logon ID:		0xDB9FA9
               	Linked Logon ID:		0x0
               	Network Account Name:	-
               	Network Account Domain:	-
               	Logon GUID:		{00000000-0000-0000-0000-000000000000}
               
               Process Information:
               	Process ID:		0x132c
               	Process Name:		C:\Windows\System32\OpenSSH\sshd.exe
               
               Network Information:
               	Workstation Name:	-
               	Source Network Address:	-
               	Source Port:		-
               
               Detailed Authentication Information:
               	Logon Process:		Advapi  
               	Authentication Package:	Negotiate
               	Transited Services:	-
               	Package Name (NTLM only):	-
               	Key Length:		0
               
               This event is generated when a logon session is created. It is generated on the computer that was 
               accessed.
               
               The subject fields indicate the account on the local system which requested the logon. This is most 
               commonly a service such as the Server service, or a local process such as Winlogon.exe or Services.exe.
               
               The logon type field indicates the kind of logon that occurred. The most common types are 2 
               (interactive) and 3 (network).
               
               The New Logon fields indicate the account for whom the new logon was created, i.e. the account that was 
               logged on.
               
               The network fields indicate where a remote logon request originated. Workstation name is not always 
               available and may be left blank in some cases.
               
               The impersonation level field indicates the extent to which a process in the logon session can 
               impersonate.
               
               The authentication information fields provide detailed information about this specific logon request.
               	- Logon GUID is a unique identifier that can be used to correlate this event with a KDC event.
               	- Transited services indicate which intermediate services have participated in this logon request.
               	- Package name indicates which sub-protocol was used among the NTLM protocols.
               	- Key length indicates the length of the generated session key. This will be 0 if no session key was 
               requested.

TimeCreated  : 6/30/2026 12:23:47 PM
Id           : 4624
ProviderName : Microsoft-Windows-Security-Auditing
Message      : An account was successfully logged on.
               
               Subject:
               	Security ID:		S-1-5-18
               	Account Name:		WIN-MALWARE-LAB$
               	Account Domain:		WORKGROUP
               	Logon ID:		0x3E7
               
               Logon Information:
               	Logon Type:		5
               	Restricted Admin Mode:	-
               	Virtual Account:		No
               	Elevated Token:		Yes
               
               Impersonation Level:		Impersonation
               
               New Logon:
               	Security ID:		S-1-5-18
               	Account Name:		SYSTEM
               	Account Domain:		NT AUTHORITY
               	Logon ID:		0x3E7
               	Linked Logon ID:		0x0
               	Network Account Name:	-
               	Network Account Domain:	-
               	Logon GUID:		{00000000-0000-0000-0000-000000000000}
               
               Process Information:
               	Process ID:		0x274
               	Process Name:		C:\Windows\System32\services.exe
               
               Network Information:
               	Workstation Name:	-
               	Source Network Address:	-
               	Source Port:		-
               
               Detailed Authentication Information:
               	Logon Process:		Advapi  
               	Authentication Package:	Negotiate
               	Transited Services:	-
               	Package Name (NTLM only):	-
               	Key Length:		0
               
               This event is generated when a logon session is created. It is generated on the computer that was 
               accessed.
               
               The subject fields indicate the account on the local system which requested the logon. This is most 
               commonly a service such as the Server service, or a local process such as Winlogon.exe or Services.exe.
               
               The logon type field indicates the kind of logon that occurred. The most common types are 2 
               (interactive) and 3 (network).
               
               The New Logon fields indicate the account for whom the new logon was created, i.e. the account that was 
               logged on.
               
               The network fields indicate where a remote logon request originated. Workstation name is not always 
               available and may be left blank in some cases.
               
               The impersonation level field indicates the extent to which a process in the logon session can 
               impersonate.
               
               The authentication information fields provide detailed information about this specific logon request.
               	- Logon GUID is a unique identifier that can be used to correlate this event with a KDC event.
               	- Transited services indicate which intermediate services have participated in this logon request.
               	- Package name indicates which sub-protocol was used among the NTLM protocols.
               	- Key length indicates the length of the generated session key. This will be 0 if no session key was 
               requested.

TimeCreated  : 6/30/2026 12:22:33 PM
Id           : 4624
ProviderName : Microsoft-Windows-Security-Auditing
Message      : An account was successfully logged on.
               
               Subject:
               	Security ID:		S-1-5-18
               	Account Name:		WIN-MALWARE-LAB$
               	Account Domain:		WORKGROUP
               	Logon ID:		0x3E7
               
               Logon Information:
               	Logon Type:		5
               	Restricted Admin Mode:	-
               	Virtual Account:		No
               	Elevated Token:		Yes
               
               Impersonation Level:		Impersonation
               
               New Logon:
               	Security ID:		S-1-5-18
               	Account Name:		SYSTEM
               	Account Domain:		NT AUTHORITY
               	Logon ID:		0x3E7
               	Linked Logon ID:		0x0
               	Network Account Name:	-
               	Network Account Domain:	-
               	Logon GUID:		{00000000-0000-0000-0000-000000000000}
               
               Process Information:
               	Process ID:		0x274
               	Process Name:		C:\Windows\System32\services.exe
               
               Network Information:
               	Workstation Name:	-
               	Source Network Address:	-
               	Source Port:		-
               
               Detailed Authentication Information:
               	Logon Process:		Advapi  
               	Authentication Package:	Negotiate
               	Transited Services:	-
               	Package Name (NTLM only):	-
               	Key Length:		0
               
               This event is generated when a logon session is created. It is generated on the computer that was 
               accessed.
               
               The subject fields indicate the account on the local system which requested the logon. This is most 
               commonly a service such as the Server service, or a local process such as Winlogon.exe or Services.exe.
               
               The logon type field indicates the kind of logon that occurred. The most common types are 2 
               (interactive) and 3 (network).
               
               The New Logon fields indicate the account for whom the new logon was created, i.e. the account that was 
               logged on.
               
               The network fields indicate where a remote logon request originated. Workstation name is not always 
               available and may be left blank in some cases.
               
               The impersonation level field indicates the extent to which a process in the logon session can 
               impersonate.
               
               The authentication information fields provide detailed information about this specific logon request.
               	- Logon GUID is a unique identifier that can be used to correlate this event with a KDC event.
               	- Transited services indicate which intermediate services have participated in this logon request.
               	- Package name indicates which sub-protocol was used among the NTLM protocols.
               	- Key length indicates the length of the generated session key. This will be 0 if no session key was 
               requested.

TimeCreated  : 6/30/2026 12:22:33 PM
Id           : 4624
ProviderName : Microsoft-Windows-Security-Auditing
Message      : An account was successfully logged on.
               
               Subject:
               	Security ID:		S-1-5-18
               	Account Name:		WIN-MALWARE-LAB$
               	Account Domain:		WORKGROUP
               	Logon ID:		0x3E7
               
               Logon Information:
               	Logon Type:		5
               	Restricted Admin Mode:	-
               	Virtual Account:		No
               	Elevated Token:		Yes
               
               Impersonation Level:		Impersonation
               
               New Logon:
               	Security ID:		S-1-5-18
               	Account Name:		SYSTEM
               	Account Domain:		NT AUTHORITY
               	Logon ID:		0x3E7
               	Linked Logon ID:		0x0
               	Network Account Name:	-
               	Network Account Domain:	-
               	Logon GUID:		{00000000-0000-0000-0000-000000000000}
               
               Process Information:
               	Process ID:		0x274
               	Process Name:		C:\Windows\System32\services.exe
               
               Network Information:
               	Workstation Name:	-
               	Source Network Address:	-
               	Source Port:		-
               
               Detailed Authentication Information:
               	Logon Process:		Advapi  
               	Authentication Package:	Negotiate
               	Transited Services:	-
               	Package Name (NTLM only):	-
               	Key Length:		0
               
               This event is generated when a logon session is created. It is generated on the computer that was 
               accessed.
               
               The subject fields indicate the account on the local system which requested the logon. This is most 
               commonly a service such as the Server service, or a local process such as Winlogon.exe or Services.exe.
               
               The logon type field indicates the kind of logon that occurred. The most common types are 2 
               (interactive) and 3 (network).
               
               The New Logon fields indicate the account for whom the new logon was created, i.e. the account that was 
               logged on.
               
               The network fields indicate where a remote logon request originated. Workstation name is not always 
               available and may be left blank in some cases.
               
               The impersonation level field indicates the extent to which a process in the logon session can 
               impersonate.
               
               The authentication information fields provide detailed information about this specific logon request.
               	- Logon GUID is a unique identifier that can be used to correlate this event with a KDC event.
               	- Transited services indicate which intermediate services have participated in this logon request.
               	- Package name indicates which sub-protocol was used among the NTLM protocols.
               	- Key length indicates the length of the generated session key. This will be 0 if no session key was 
               requested.

TimeCreated  : 6/30/2026 12:21:57 PM
Id           : 4624
ProviderName : Microsoft-Windows-Security-Auditing
Message      : An account was successfully logged on.
               
               Subject:
               	Security ID:		S-1-5-18
               	Account Name:		WIN-MALWARE-LAB$
               	Account Domain:		WORKGROUP
               	Logon ID:		0x3E7
               
               Logon Information:
               	Logon Type:		5
               	Restricted Admin Mode:	-
               	Virtual Account:		No
               	Elevated Token:		Yes
               
               Impersonation Level:		Impersonation
               
               New Logon:
               	Security ID:		S-1-5-18
               	Account Name:		SYSTEM
               	Account Domain:		NT AUTHORITY
               	Logon ID:		0x3E7
               	Linked Logon ID:		0x0
               	Network Account Name:	-
               	Network Account Domain:	-
               	Logon GUID:		{00000000-0000-0000-0000-000000000000}
               
               Process Information:
               	Process ID:		0x274
               	Process Name:		C:\Windows\System32\services.exe
               
               Network Information:
               	Workstation Name:	-
               	Source Network Address:	-
               	Source Port:		-
               
               Detailed Authentication Information:
               	Logon Process:		Advapi  
               	Authentication Package:	Negotiate
               	Transited Services:	-
               	Package Name (NTLM only):	-
               	Key Length:		0
               
               This event is generated when a logon session is created. It is generated on the computer that was 
               accessed.
               
               The subject fields indicate the account on the local system which requested the logon. This is most 
               commonly a service such as the Server service, or a local process such as Winlogon.exe or Services.exe.
               
               The logon type field indicates the kind of logon that occurred. The most common types are 2 
               (interactive) and 3 (network).
               
               The New Logon fields indicate the account for whom the new logon was created, i.e. the account that was 
               logged on.
               
               The network fields indicate where a remote logon request originated. Workstation name is not always 
               available and may be left blank in some cases.
               
               The impersonation level field indicates the extent to which a process in the logon session can 
               impersonate.
               
               The authentication information fields provide detailed information about this specific logon request.
               	- Logon GUID is a unique identifier that can be used to correlate this event with a KDC event.
               	- Transited services indicate which intermediate services have participated in this logon request.
               	- Package name indicates which sub-protocol was used among the NTLM protocols.
               	- Key length indicates the length of the generated session key. This will be 0 if no session key was 
               requested.

TimeCreated  : 6/30/2026 12:18:46 PM
Id           : 4624
ProviderName : Microsoft-Windows-Security-Auditing
Message      : An account was successfully logged on.
               
               Subject:
               	Security ID:		S-1-5-18
               	Account Name:		WIN-MALWARE-LAB$
               	Account Domain:		WORKGROUP
               	Logon ID:		0x3E7
               
               Logon Information:
               	Logon Type:		5
               	Restricted Admin Mode:	-
               	Virtual Account:		No
               	Elevated Token:		Yes
               
               Impersonation Level:		Impersonation
               
               New Logon:
               	Security ID:		S-1-5-18
               	Account Name:		SYSTEM
               	Account Domain:		NT AUTHORITY
               	Logon ID:		0x3E7
               	Linked Logon ID:		0x0
               	Network Account Name:	-
               	Network Account Domain:	-
               	Logon GUID:		{00000000-0000-0000-0000-000000000000}
               
               Process Information:
               	Process ID:		0x274
               	Process Name:		C:\Windows\System32\services.exe
               
               Network Information:
               	Workstation Name:	-
               	Source Network Address:	-
               	Source Port:		-
               
               Detailed Authentication Information:
               	Logon Process:		Advapi  
               	Authentication Package:	Negotiate
               	Transited Services:	-
               	Package Name (NTLM only):	-
               	Key Length:		0
               
               This event is generated when a logon session is created. It is generated on the computer that was 
               accessed.
               
               The subject fields indicate the account on the local system which requested the logon. This is most 
               commonly a service such as the Server service, or a local process such as Winlogon.exe or Services.exe.
               
               The logon type field indicates the kind of logon that occurred. The most common types are 2 
               (interactive) and 3 (network).
               
               The New Logon fields indicate the account for whom the new logon was created, i.e. the account that was 
               logged on.
               
               The network fields indicate where a remote logon request originated. Workstation name is not always 
               available and may be left blank in some cases.
               
               The impersonation level field indicates the extent to which a process in the logon session can 
               impersonate.
               
               The authentication information fields provide detailed information about this specific logon request.
               	- Logon GUID is a unique identifier that can be used to correlate this event with a KDC event.
               	- Transited services indicate which intermediate services have participated in this logon request.
               	- Package name indicates which sub-protocol was used among the NTLM protocols.
               	- Key length indicates the length of the generated session key. This will be 0 if no session key was 
               requested.

TimeCreated  : 6/30/2026 12:15:08 PM
Id           : 4624
ProviderName : Microsoft-Windows-Security-Auditing
Message      : An account was successfully logged on.
               
               Subject:
               	Security ID:		S-1-5-18
               	Account Name:		WIN-MALWARE-LAB$
               	Account Domain:		WORKGROUP
               	Logon ID:		0x3E7
               
               Logon Information:
               	Logon Type:		5
               	Restricted Admin Mode:	-
               	Virtual Account:		No
               	Elevated Token:		Yes
               
               Impersonation Level:		Impersonation
               
               New Logon:
               	Security ID:		S-1-5-18
               	Account Name:		SYSTEM
               	Account Domain:		NT AUTHORITY
               	Logon ID:		0x3E7
               	Linked Logon ID:		0x0
               	Network Account Name:	-
               	Network Account Domain:	-
               	Logon GUID:		{00000000-0000-0000-0000-000000000000}
               
               Process Information:
               	Process ID:		0x274
               	Process Name:		C:\Windows\System32\services.exe
               
               Network Information:
               	Workstation Name:	-
               	Source Network Address:	-
               	Source Port:		-
               
               Detailed Authentication Information:
               	Logon Process:		Advapi  
               	Authentication Package:	Negotiate
               	Transited Services:	-
               	Package Name (NTLM only):	-
               	Key Length:		0
               
               This event is generated when a logon session is created. It is generated on the computer that was 
               accessed.
               
               The subject fields indicate the account on the local system which requested the logon. This is most 
               commonly a service such as the Server service, or a local process such as Winlogon.exe or Services.exe.
               
               The logon type field indicates the kind of logon that occurred. The most common types are 2 
               (interactive) and 3 (network).
               
               The New Logon fields indicate the account for whom the new logon was created, i.e. the account that was 
               logged on.
               
               The network fields indicate where a remote logon request originated. Workstation name is not always 
               available and may be left blank in some cases.
               
               The impersonation level field indicates the extent to which a process in the logon session can 
               impersonate.
               
               The authentication information fields provide detailed information about this specific logon request.
               	- Logon GUID is a unique identifier that can be used to correlate this event with a KDC event.
               	- Transited services indicate which intermediate services have participated in this logon request.
               	- Package name indicates which sub-protocol was used among the NTLM protocols.
               	- Key length indicates the length of the generated session key. This will be 0 if no session key was 
               requested.

TimeCreated  : 6/30/2026 12:14:05 PM
Id           : 4624
ProviderName : Microsoft-Windows-Security-Auditing
Message      : An account was successfully logged on.
               
               Subject:
               	Security ID:		S-1-5-18
               	Account Name:		WIN-MALWARE-LAB$
               	Account Domain:		WORKGROUP
               	Logon ID:		0x3E7
               
               Logon Information:
               	Logon Type:		5
               	Restricted Admin Mode:	-
               	Virtual Account:		No
               	Elevated Token:		Yes
               
               Impersonation Level:		Impersonation
               
               New Logon:
               	Security ID:		S-1-5-18
               	Account Name:		SYSTEM
               	Account Domain:		NT AUTHORITY
               	Logon ID:		0x3E7
               	Linked Logon ID:		0x0
               	Network Account Name:	-
               	Network Account Domain:	-
               	Logon GUID:		{00000000-0000-0000-0000-000000000000}
               
               Process Information:
               	Process ID:		0x274
               	Process Name:		C:\Windows\System32\services.exe
               
               Network Information:
               	Workstation Name:	-
               	Source Network Address:	-
               	Source Port:		-
               
               Detailed Authentication Information:
               	Logon Process:		Advapi  
               	Authentication Package:	Negotiate
               	Transited Services:	-
               	Package Name (NTLM only):	-
               	Key Length:		0
               
               This event is generated when a logon session is created. It is generated on the computer that was 
               accessed.
               
               The subject fields indicate the account on the local system which requested the logon. This is most 
               commonly a service such as the Server service, or a local process such as Winlogon.exe or Services.exe.
               
               The logon type field indicates the kind of logon that occurred. The most common types are 2 
               (interactive) and 3 (network).
               
               The New Logon fields indicate the account for whom the new logon was created, i.e. the account that was 
               logged on.
               
               The network fields indicate where a remote logon request originated. Workstation name is not always 
               available and may be left blank in some cases.
               
               The impersonation level field indicates the extent to which a process in the logon session can 
               impersonate.
               
               The authentication information fields provide detailed information about this specific logon request.
               	- Logon GUID is a unique identifier that can be used to correlate this event with a KDC event.
               	- Transited services indicate which intermediate services have participated in this logon request.
               	- Package name indicates which sub-protocol was used among the NTLM protocols.
               	- Key length indicates the length of the generated session key. This will be 0 if no session key was 
               requested.

TimeCreated  : 6/30/2026 12:11:29 PM
Id           : 4624
ProviderName : Microsoft-Windows-Security-Auditing
Message      : An account was successfully logged on.
               
               Subject:
               	Security ID:		S-1-5-18
               	Account Name:		WIN-MALWARE-LAB$
               	Account Domain:		WORKGROUP
               	Logon ID:		0x3E7
               
               Logon Information:
               	Logon Type:		5
               	Restricted Admin Mode:	-
               	Virtual Account:		No
               	Elevated Token:		Yes
               
               Impersonation Level:		Impersonation
               
               New Logon:
               	Security ID:		S-1-5-18
               	Account Name:		SYSTEM
               	Account Domain:		NT AUTHORITY
               	Logon ID:		0x3E7
               	Linked Logon ID:		0x0
               	Network Account Name:	-
               	Network Account Domain:	-
               	Logon GUID:		{00000000-0000-0000-0000-000000000000}
               
               Process Information:
               	Process ID:		0x274
               	Process Name:		C:\Windows\System32\services.exe
               
               Network Information:
               	Workstation Name:	-
               	Source Network Address:	-
               	Source Port:		-
               
               Detailed Authentication Information:
               	Logon Process:		Advapi  
               	Authentication Package:	Negotiate
               	Transited Services:	-
               	Package Name (NTLM only):	-
               	Key Length:		0
               
               This event is generated when a logon session is created. It is generated on the computer that was 
               accessed.
               
               The subject fields indicate the account on the local system which requested the logon. This is most 
               commonly a service such as the Server service, or a local process such as Winlogon.exe or Services.exe.
               
               The logon type field indicates the kind of logon that occurred. The most common types are 2 
               (interactive) and 3 (network).
               
               The New Logon fields indicate the account for whom the new logon was created, i.e. the account that was 
               logged on.
               
               The network fields indicate where a remote logon request originated. Workstation name is not always 
               available and may be left blank in some cases.
               
               The impersonation level field indicates the extent to which a process in the logon session can 
               impersonate.
               
               The authentication information fields provide detailed information about this specific logon request.
               	- Logon GUID is a unique identifier that can be used to correlate this event with a KDC event.
               	- Transited services indicate which intermediate services have participated in this logon request.
               	- Package name indicates which sub-protocol was used among the NTLM protocols.
               	- Key length indicates the length of the generated session key. This will be 0 if no session key was 
               requested.

