TimeCreated  : 6/30/2026 12:21:23 PM
Id           : 4688
ProviderName : Microsoft-Windows-Security-Auditing
Message      : A new process has been created.
               
               Creator Subject:
               	Security ID:		S-1-5-21-478588547-2897349267-337048646-1001
               	Account Name:		Wodin
               	Account Domain:		WIN-MALWARE-LAB
               	Logon ID:		0x6DB71
               
               Target Subject:
               	Security ID:		S-1-0-0
               	Account Name:		-
               	Account Domain:		-
               	Logon ID:		0x0
               
               Process Information:
               	New Process ID:		0x1530
               	New Process Name:	C:\Users\Wodin\AppData\Local\Temp\A46111C8-D356-4EC3-BA3C-771ECC897126\DismHost.exe
               	Token Elevation Type:	%%1937
               	Mandatory Label:		S-1-16-12288
               	Creator Process ID:	0x1ec8
               	Creator Process Name:	C:\Windows\System32\WindowsPowerShell\v1.0\powershell.exe
               	Process Command Line:	
               C:\Users\Wodin\AppData\Local\Temp\A46111C8-D356-4EC3-BA3C-771ECC897126\dismhost.exe 
               {4A0FAEBE-49E8-4A68-A080-276FD660B664}
               
               Token Elevation Type indicates the type of token that was assigned to the new process in accordance 
               with User Account Control policy.
               
               Type 1 is a full token with no privileges removed or groups disabled.  A full token is only used if 
               User Account Control is disabled or if the user is the built-in Administrator account or a service 
               account.
               
               Type 2 is an elevated token with no privileges removed or groups disabled.  An elevated token is used 
               when User Account Control is enabled and the user chooses to start the program using Run as 
               administrator.  An elevated token is also used when an application is configured to always require 
               administrative privilege or to always require maximum privilege, and the user is a member of the 
               Administrators group.
               
               Type 3 is a limited token with administrative privileges removed and administrative groups disabled.  
               The limited token is used when User Account Control is enabled, the application does not require 
               administrative privilege, and the user does not choose to start the program using Run as administrator.

TimeCreated  : 6/30/2026 12:20:46 PM
Id           : 4688
ProviderName : Microsoft-Windows-Security-Auditing
Message      : A new process has been created.
               
               Creator Subject:
               	Security ID:		S-1-5-21-478588547-2897349267-337048646-1001
               	Account Name:		Wodin
               	Account Domain:		WIN-MALWARE-LAB
               	Logon ID:		0x6DB71
               
               Target Subject:
               	Security ID:		S-1-0-0
               	Account Name:		-
               	Account Domain:		-
               	Logon ID:		0x0
               
               Process Information:
               	New Process ID:		0x2aa8
               	New Process Name:	C:\Windows\System32\conhost.exe
               	Token Elevation Type:	%%1937
               	Mandatory Label:		S-1-16-12288
               	Creator Process ID:	0x1ec8
               	Creator Process Name:	C:\Windows\System32\WindowsPowerShell\v1.0\powershell.exe
               	Process Command Line:	\??\C:\Windows\system32\conhost.exe 0xffffffff -ForceV1
               
               Token Elevation Type indicates the type of token that was assigned to the new process in accordance 
               with User Account Control policy.
               
               Type 1 is a full token with no privileges removed or groups disabled.  A full token is only used if 
               User Account Control is disabled or if the user is the built-in Administrator account or a service 
               account.
               
               Type 2 is an elevated token with no privileges removed or groups disabled.  An elevated token is used 
               when User Account Control is enabled and the user chooses to start the program using Run as 
               administrator.  An elevated token is also used when an application is configured to always require 
               administrative privilege or to always require maximum privilege, and the user is a member of the 
               Administrators group.
               
               Type 3 is a limited token with administrative privileges removed and administrative groups disabled.  
               The limited token is used when User Account Control is enabled, the application does not require 
               administrative privilege, and the user does not choose to start the program using Run as administrator.

TimeCreated  : 6/30/2026 12:20:46 PM
Id           : 4688
ProviderName : Microsoft-Windows-Security-Auditing
Message      : A new process has been created.
               
               Creator Subject:
               	Security ID:		S-1-5-18
               	Account Name:		WIN-MALWARE-LAB$
               	Account Domain:		WORKGROUP
               	Logon ID:		0x3E7
               
               Target Subject:
               	Security ID:		S-1-5-21-478588547-2897349267-337048646-1001
               	Account Name:		Wodin
               	Account Domain:		WIN-MALWARE-LAB
               	Logon ID:		0x6DB71
               
               Process Information:
               	New Process ID:		0x1ec8
               	New Process Name:	C:\Windows\System32\WindowsPowerShell\v1.0\powershell.exe
               	Token Elevation Type:	%%1937
               	Mandatory Label:		S-1-16-12288
               	Creator Process ID:	0x14ec
               	Creator Process Name:	C:\Windows\System32\RuntimeBroker.exe
               	Process Command Line:	"C:\Windows\System32\WindowsPowerShell\v1.0\powershell.exe" 
               
               Token Elevation Type indicates the type of token that was assigned to the new process in accordance 
               with User Account Control policy.
               
               Type 1 is a full token with no privileges removed or groups disabled.  A full token is only used if 
               User Account Control is disabled or if the user is the built-in Administrator account or a service 
               account.
               
               Type 2 is an elevated token with no privileges removed or groups disabled.  An elevated token is used 
               when User Account Control is enabled and the user chooses to start the program using Run as 
               administrator.  An elevated token is also used when an application is configured to always require 
               administrative privilege or to always require maximum privilege, and the user is a member of the 
               Administrators group.
               
               Type 3 is a limited token with administrative privileges removed and administrative groups disabled.  
               The limited token is used when User Account Control is enabled, the application does not require 
               administrative privilege, and the user does not choose to start the program using Run as administrator.

TimeCreated  : 6/30/2026 12:20:30 PM
Id           : 4688
ProviderName : Microsoft-Windows-Security-Auditing
Message      : A new process has been created.
               
               Creator Subject:
               	Security ID:		S-1-5-21-478588547-2897349267-337048646-1001
               	Account Name:		Wodin
               	Account Domain:		WIN-MALWARE-LAB
               	Logon ID:		0x6DB71
               
               Target Subject:
               	Security ID:		S-1-0-0
               	Account Name:		-
               	Account Domain:		-
               	Logon ID:		0x0
               
               Process Information:
               	New Process ID:		0x2bc0
               	New Process Name:	C:\Users\Wodin\AppData\Local\Temp\26D57F86-DFA1-40D8-8F9F-D9B9907D154D\DismHost.exe
               	Token Elevation Type:	%%1937
               	Mandatory Label:		S-1-16-12288
               	Creator Process ID:	0x176c
               	Creator Process Name:	C:\Windows\System32\WindowsPowerShell\v1.0\powershell.exe
               	Process Command Line:	
               C:\Users\Wodin\AppData\Local\Temp\26D57F86-DFA1-40D8-8F9F-D9B9907D154D\dismhost.exe 
               {BAE60373-3A45-4C23-AFF9-BC3D7B4E2480}
               
               Token Elevation Type indicates the type of token that was assigned to the new process in accordance 
               with User Account Control policy.
               
               Type 1 is a full token with no privileges removed or groups disabled.  A full token is only used if 
               User Account Control is disabled or if the user is the built-in Administrator account or a service 
               account.
               
               Type 2 is an elevated token with no privileges removed or groups disabled.  An elevated token is used 
               when User Account Control is enabled and the user chooses to start the program using Run as 
               administrator.  An elevated token is also used when an application is configured to always require 
               administrative privilege or to always require maximum privilege, and the user is a member of the 
               Administrators group.
               
               Type 3 is a limited token with administrative privileges removed and administrative groups disabled.  
               The limited token is used when User Account Control is enabled, the application does not require 
               administrative privilege, and the user does not choose to start the program using Run as administrator.

TimeCreated  : 6/30/2026 12:20:22 PM
Id           : 4688
ProviderName : Microsoft-Windows-Security-Auditing
Message      : A new process has been created.
               
               Creator Subject:
               	Security ID:		S-1-5-21-478588547-2897349267-337048646-1001
               	Account Name:		Wodin
               	Account Domain:		WIN-MALWARE-LAB
               	Logon ID:		0x6DB71
               
               Target Subject:
               	Security ID:		S-1-0-0
               	Account Name:		-
               	Account Domain:		-
               	Logon ID:		0x0
               
               Process Information:
               	New Process ID:		0x798
               	New Process Name:	C:\Users\Wodin\AppData\Local\Temp\1E862F5A-56D3-4803-9361-6B6BEB352A19\DismHost.exe
               	Token Elevation Type:	%%1937
               	Mandatory Label:		S-1-16-12288
               	Creator Process ID:	0x176c
               	Creator Process Name:	C:\Windows\System32\WindowsPowerShell\v1.0\powershell.exe
               	Process Command Line:	
               C:\Users\Wodin\AppData\Local\Temp\1E862F5A-56D3-4803-9361-6B6BEB352A19\dismhost.exe 
               {C6982AA3-9911-4596-8075-09A92E901666}
               
               Token Elevation Type indicates the type of token that was assigned to the new process in accordance 
               with User Account Control policy.
               
               Type 1 is a full token with no privileges removed or groups disabled.  A full token is only used if 
               User Account Control is disabled or if the user is the built-in Administrator account or a service 
               account.
               
               Type 2 is an elevated token with no privileges removed or groups disabled.  An elevated token is used 
               when User Account Control is enabled and the user chooses to start the program using Run as 
               administrator.  An elevated token is also used when an application is configured to always require 
               administrative privilege or to always require maximum privilege, and the user is a member of the 
               Administrators group.
               
               Type 3 is a limited token with administrative privileges removed and administrative groups disabled.  
               The limited token is used when User Account Control is enabled, the application does not require 
               administrative privilege, and the user does not choose to start the program using Run as administrator.

TimeCreated  : 6/30/2026 12:20:16 PM
Id           : 4688
ProviderName : Microsoft-Windows-Security-Auditing
Message      : A new process has been created.
               
               Creator Subject:
               	Security ID:		S-1-5-21-478588547-2897349267-337048646-1001
               	Account Name:		Wodin
               	Account Domain:		WIN-MALWARE-LAB
               	Logon ID:		0x6DB71
               
               Target Subject:
               	Security ID:		S-1-0-0
               	Account Name:		-
               	Account Domain:		-
               	Logon ID:		0x0
               
               Process Information:
               	New Process ID:		0x1624
               	New Process Name:	C:\Users\Wodin\AppData\Local\Temp\A90B90B3-E4E0-4ABA-9BB0-3DB4A7218D54\DismHost.exe
               	Token Elevation Type:	%%1937
               	Mandatory Label:		S-1-16-12288
               	Creator Process ID:	0x176c
               	Creator Process Name:	C:\Windows\System32\WindowsPowerShell\v1.0\powershell.exe
               	Process Command Line:	
               C:\Users\Wodin\AppData\Local\Temp\A90B90B3-E4E0-4ABA-9BB0-3DB4A7218D54\dismhost.exe 
               {C0AA803C-9147-4D95-A3C4-1666B996E5D2}
               
               Token Elevation Type indicates the type of token that was assigned to the new process in accordance 
               with User Account Control policy.
               
               Type 1 is a full token with no privileges removed or groups disabled.  A full token is only used if 
               User Account Control is disabled or if the user is the built-in Administrator account or a service 
               account.
               
               Type 2 is an elevated token with no privileges removed or groups disabled.  An elevated token is used 
               when User Account Control is enabled and the user chooses to start the program using Run as 
               administrator.  An elevated token is also used when an application is configured to always require 
               administrative privilege or to always require maximum privilege, and the user is a member of the 
               Administrators group.
               
               Type 3 is a limited token with administrative privileges removed and administrative groups disabled.  
               The limited token is used when User Account Control is enabled, the application does not require 
               administrative privilege, and the user does not choose to start the program using Run as administrator.

TimeCreated  : 6/30/2026 12:19:22 PM
Id           : 4688
ProviderName : Microsoft-Windows-Security-Auditing
Message      : A new process has been created.
               
               Creator Subject:
               	Security ID:		S-1-5-21-478588547-2897349267-337048646-1001
               	Account Name:		Wodin
               	Account Domain:		WIN-MALWARE-LAB
               	Logon ID:		0x6DB71
               
               Target Subject:
               	Security ID:		S-1-0-0
               	Account Name:		-
               	Account Domain:		-
               	Logon ID:		0x0
               
               Process Information:
               	New Process ID:		0x1a08
               	New Process Name:	C:\Users\Wodin\AppData\Local\Temp\3E318865-879C-4777-8A9C-CC86D31CC823\DismHost.exe
               	Token Elevation Type:	%%1937
               	Mandatory Label:		S-1-16-12288
               	Creator Process ID:	0x176c
               	Creator Process Name:	C:\Windows\System32\WindowsPowerShell\v1.0\powershell.exe
               	Process Command Line:	
               C:\Users\Wodin\AppData\Local\Temp\3E318865-879C-4777-8A9C-CC86D31CC823\dismhost.exe 
               {7932650C-3CF0-456B-90E2-795157B089AF}
               
               Token Elevation Type indicates the type of token that was assigned to the new process in accordance 
               with User Account Control policy.
               
               Type 1 is a full token with no privileges removed or groups disabled.  A full token is only used if 
               User Account Control is disabled or if the user is the built-in Administrator account or a service 
               account.
               
               Type 2 is an elevated token with no privileges removed or groups disabled.  An elevated token is used 
               when User Account Control is enabled and the user chooses to start the program using Run as 
               administrator.  An elevated token is also used when an application is configured to always require 
               administrative privilege or to always require maximum privilege, and the user is a member of the 
               Administrators group.
               
               Type 3 is a limited token with administrative privileges removed and administrative groups disabled.  
               The limited token is used when User Account Control is enabled, the application does not require 
               administrative privilege, and the user does not choose to start the program using Run as administrator.

TimeCreated  : 6/30/2026 12:18:46 PM
Id           : 4688
ProviderName : Microsoft-Windows-Security-Auditing
Message      : A new process has been created.
               
               Creator Subject:
               	Security ID:		S-1-5-21-478588547-2897349267-337048646-1001
               	Account Name:		Wodin
               	Account Domain:		WIN-MALWARE-LAB
               	Logon ID:		0x6DB71
               
               Target Subject:
               	Security ID:		S-1-0-0
               	Account Name:		-
               	Account Domain:		-
               	Logon ID:		0x0
               
               Process Information:
               	New Process ID:		0x131c
               	New Process Name:	C:\Users\Wodin\AppData\Local\Temp\B7514552-5540-4257-B9C2-4D2DF2629D25\DismHost.exe
               	Token Elevation Type:	%%1937
               	Mandatory Label:		S-1-16-12288
               	Creator Process ID:	0x176c
               	Creator Process Name:	C:\Windows\System32\WindowsPowerShell\v1.0\powershell.exe
               	Process Command Line:	
               C:\Users\Wodin\AppData\Local\Temp\B7514552-5540-4257-B9C2-4D2DF2629D25\dismhost.exe 
               {FCEDF0EF-4266-4AE1-BCFF-D5CA08CCEDD7}
               
               Token Elevation Type indicates the type of token that was assigned to the new process in accordance 
               with User Account Control policy.
               
               Type 1 is a full token with no privileges removed or groups disabled.  A full token is only used if 
               User Account Control is disabled or if the user is the built-in Administrator account or a service 
               account.
               
               Type 2 is an elevated token with no privileges removed or groups disabled.  An elevated token is used 
               when User Account Control is enabled and the user chooses to start the program using Run as 
               administrator.  An elevated token is also used when an application is configured to always require 
               administrative privilege or to always require maximum privilege, and the user is a member of the 
               Administrators group.
               
               Type 3 is a limited token with administrative privileges removed and administrative groups disabled.  
               The limited token is used when User Account Control is enabled, the application does not require 
               administrative privilege, and the user does not choose to start the program using Run as administrator.

TimeCreated  : 6/30/2026 12:16:00 PM
Id           : 4688
ProviderName : Microsoft-Windows-Security-Auditing
Message      : A new process has been created.
               
               Creator Subject:
               	Security ID:		S-1-5-21-478588547-2897349267-337048646-1001
               	Account Name:		Wodin
               	Account Domain:		WIN-MALWARE-LAB
               	Logon ID:		0x6DB71
               
               Target Subject:
               	Security ID:		S-1-0-0
               	Account Name:		-
               	Account Domain:		-
               	Logon ID:		0x0
               
               Process Information:
               	New Process ID:		0x1b8
               	New Process Name:	C:\Windows\System32\WindowsPowerShell\v1.0\powershell.exe
               	Token Elevation Type:	%%1937
               	Mandatory Label:		S-1-16-12288
               	Creator Process ID:	0x176c
               	Creator Process Name:	C:\Windows\System32\WindowsPowerShell\v1.0\powershell.exe
               	Process Command Line:	"C:\Windows\System32\WindowsPowerShell\v1.0\powershell.exe" -EncodedCommand 
               VwByAGkAdABlAC0ASABvAHMAdAAgAFMATwBDAC0ATABhAGIANgAtAFQAZQBzAHQA
               
               Token Elevation Type indicates the type of token that was assigned to the new process in accordance 
               with User Account Control policy.
               
               Type 1 is a full token with no privileges removed or groups disabled.  A full token is only used if 
               User Account Control is disabled or if the user is the built-in Administrator account or a service 
               account.
               
               Type 2 is an elevated token with no privileges removed or groups disabled.  An elevated token is used 
               when User Account Control is enabled and the user chooses to start the program using Run as 
               administrator.  An elevated token is also used when an application is configured to always require 
               administrative privilege or to always require maximum privilege, and the user is a member of the 
               Administrators group.
               
               Type 3 is a limited token with administrative privileges removed and administrative groups disabled.  
               The limited token is used when User Account Control is enabled, the application does not require 
               administrative privilege, and the user does not choose to start the program using Run as administrator.



