

TimeCreated  : 6/30/2026 12:28:05 PM
Id           : 4624
ProviderName : Microsoft-Windows-Security-Auditing
Message      : An account was successfully logged on.
               
               Subject:
               	Security ID:		S-1-5-18
               	Account Name:		WIN-MALWARE-LAB$
               	Account Domain:		WORKGROUP
               	Logon ID:		0x3E7
               
               Logon Information:
               	Logon Type:		8
               	Restricted Admin Mode:	-
               	Virtual Account:		No
               	Elevated Token:		Yes
               
               Impersonation Level:		Impersonation
               
               New Logon:
               	Security ID:		S-1-5-21-478588547-2897349267-337048646-1002
               	Account Name:		soclab
               	Account Domain:		WIN-MALWARE-LAB
               	Logon ID:		0xDE3D16
               	Linked Logon ID:		0x0
               	Network Account Name:	-
               	Network Account Domain:	-
               	Logon GUID:		{00000000-0000-0000-0000-000000000000}
               
               Process Information:
               	Process ID:		0x2b80
               	Process Name:		C:\Windows\System32\OpenSSH\sshd.exe
               
               Network Information:
               	Workstation Name:	WIN-MALWARE-LAB
               	Source Network Address:	-
               	Source Port:		-
               
               Detailed Authentication Information:
               	Logon Process:		Advapi  
               	Authentication Package:	Negotiate
               	Transited Services:	-
               	Package Name (NTLM only):	-
               	Key Length:		0
               
               This event is generated when a logon session is created. It is generated on the computer that was 
               accessed.
               
               The subject fields indicate the account on the local system which requested the logon. This is most 
               commonly a service such as the Server service, or a local process such as Winlogon.exe or Services.exe.
               
               The logon type field indicates the kind of logon that occurred. The most common types are 2 
               (interactive) and 3 (network).
               
               The New Logon fields indicate the account for whom the new logon was created, i.e. the account that was 
               logged on.
               
               The network fields indicate where a remote logon request originated. Workstation name is not always 
               available and may be left blank in some cases.
               
               The impersonation level field indicates the extent to which a process in the logon session can 
               impersonate.
               
               The authentication information fields provide detailed information about this specific logon request.
               	- Logon GUID is a unique identifier that can be used to correlate this event with a KDC event.
               	- Transited services indicate which intermediate services have participated in this logon request.
               	- Package name indicates which sub-protocol was used among the NTLM protocols.
               	- Key length indicates the length of the generated session key. This will be 0 if no session key was 
               requested.

TimeCreated  : 6/30/2026 12:28:03 PM
Id           : 4624
ProviderName : Microsoft-Windows-Security-Auditing
Message      : An account was successfully logged on.
               
               Subject:
               	Security ID:		S-1-5-18
               	Account Name:		WIN-MALWARE-LAB$
               	Account Domain:		WORKGROUP
               	Logon ID:		0x3E7
               
               Logon Information:
               	Logon Type:		3
               	Restricted Admin Mode:	-
               	Virtual Account:		No
               	Elevated Token:		Yes
               
               Impersonation Level:		Impersonation
               
               New Logon:
               	Security ID:		S-1-5-21-478588547-2897349267-337048646-1002
               	Account Name:		soclab
               	Account Domain:		WIN-MALWARE-LAB
               	Logon ID:		0xDE3C00
               	Linked Logon ID:		0x0
               	Network Account Name:	-
               	Network Account Domain:	-
               	Logon GUID:		{00000000-0000-0000-0000-000000000000}
               
               Process Information:
               	Process ID:		0x2b80
               	Process Name:		C:\Windows\System32\OpenSSH\sshd.exe
               
               Network Information:
               	Workstation Name:	-
               	Source Network Address:	-
               	Source Port:		-
               
               Detailed Authentication Information:
               	Logon Process:		sshd
               	Authentication Package:	MICROSOFT_AUTHENTICATION_PACKAGE_V1_0
               	Transited Services:	-
               	Package Name (NTLM only):	-
               	Key Length:		0
               
               This event is generated when a logon session is created. It is generated on the computer that was 
               accessed.
               
               The subject fields indicate the account on the local system which requested the logon. This is most 
               commonly a service such as the Server service, or a local process such as Winlogon.exe or Services.exe.
               
               The logon type field indicates the kind of logon that occurred. The most common types are 2 
               (interactive) and 3 (network).
               
               The New Logon fields indicate the account for whom the new logon was created, i.e. the account that was 
               logged on.
               
               The network fields indicate where a remote logon request originated. Workstation name is not always 
               available and may be left blank in some cases.
               
               The impersonation level field indicates the extent to which a process in the logon session can 
               impersonate.
               
               The authentication information fields provide detailed information about this specific logon request.
               	- Logon GUID is a unique identifier that can be used to correlate this event with a KDC event.
               	- Transited services indicate which intermediate services have participated in this logon request.
               	- Package name indicates which sub-protocol was used among the NTLM protocols.
               	- Key length indicates the length of the generated session key. This will be 0 if no session key was 
               requested.

TimeCreated  : 6/30/2026 12:28:03 PM
Id           : 4624
ProviderName : Microsoft-Windows-Security-Auditing
Message      : An account was successfully logged on.
               
               Subject:
               	Security ID:		S-1-5-18
               	Account Name:		WIN-MALWARE-LAB$
               	Account Domain:		WORKGROUP
               	Logon ID:		0x3E7
               
               Logon Information:
               	Logon Type:		5
               	Restricted Admin Mode:	-
               	Virtual Account:		Yes
               	Elevated Token:		Yes
               
               Impersonation Level:		Impersonation
               
               New Logon:
               	Security ID:		S-1-5-111-3847866527-469524349-687026318-516638107-1125189541-11136
               	Account Name:		sshd_11136
               	Account Domain:		VIRTUAL USERS
               	Logon ID:		0xDE39AC
               	Linked Logon ID:		0x0
               	Network Account Name:	-
               	Network Account Domain:	-
               	Logon GUID:		{00000000-0000-0000-0000-000000000000}
               
               Process Information:
               	Process ID:		0x2b80
               	Process Name:		C:\Windows\System32\OpenSSH\sshd.exe
               
               Network Information:
               	Workstation Name:	-
               	Source Network Address:	-
               	Source Port:		-
               
               Detailed Authentication Information:
               	Logon Process:		Advapi  
               	Authentication Package:	Negotiate
               	Transited Services:	-
               	Package Name (NTLM only):	-
               	Key Length:		0
               
               This event is generated when a logon session is created. It is generated on the computer that was 
               accessed.
               
               The subject fields indicate the account on the local system which requested the logon. This is most 
               commonly a service such as the Server service, or a local process such as Winlogon.exe or Services.exe.
               
               The logon type field indicates the kind of logon that occurred. The most common types are 2 
               (interactive) and 3 (network).
               
               The New Logon fields indicate the account for whom the new logon was created, i.e. the account that was 
               logged on.
               
               The network fields indicate where a remote logon request originated. Workstation name is not always 
               available and may be left blank in some cases.
               
               The impersonation level field indicates the extent to which a process in the logon session can 
               impersonate.
               
               The authentication information fields provide detailed information about this specific logon request.
               	- Logon GUID is a unique identifier that can be used to correlate this event with a KDC event.
               	- Transited services indicate which intermediate services have participated in this logon request.
               	- Package name indicates which sub-protocol was used among the NTLM protocols.
               	- Key length indicates the length of the generated session key. This will be 0 if no session key was 
               requested.

TimeCreated  : 6/30/2026 12:27:48 PM
Id           : 4732
ProviderName : Microsoft-Windows-Security-Auditing
Message      : A member was added to a security-enabled local group.
               
               Subject:
               	Security ID:		S-1-5-21-478588547-2897349267-337048646-1001
               	Account Name:		Wodin
               	Account Domain:		WIN-MALWARE-LAB
               	Logon ID:		0x6DB71
               
               Member:
               	Security ID:		S-1-5-21-478588547-2897349267-337048646-1002
               	Account Name:		-
               
               Group:
               	Security ID:		S-1-5-32-544
               	Group Name:		Administrators
               	Group Domain:		Builtin
               
               Additional Information:
               	Privileges:		-

TimeCreated  : 6/30/2026 12:27:33 PM
Id           : 4732
ProviderName : Microsoft-Windows-Security-Auditing
Message      : A member was added to a security-enabled local group.
               
               Subject:
               	Security ID:		S-1-5-21-478588547-2897349267-337048646-1001
               	Account Name:		Wodin
               	Account Domain:		WIN-MALWARE-LAB
               	Logon ID:		0x6DB71
               
               Member:
               	Security ID:		S-1-5-21-478588547-2897349267-337048646-1002
               	Account Name:		-
               
               Group:
               	Security ID:		S-1-5-32-545
               	Group Name:		Users
               	Group Domain:		Builtin
               
               Additional Information:
               	Privileges:		-

TimeCreated  : 6/30/2026 12:27:33 PM
Id           : 4720
ProviderName : Microsoft-Windows-Security-Auditing
Message      : A user account was created.
               
               Subject:
               	Security ID:		S-1-5-21-478588547-2897349267-337048646-1001
               	Account Name:		Wodin
               	Account Domain:		WIN-MALWARE-LAB
               	Logon ID:		0x6DB71
               
               New Account:
               	Security ID:		S-1-5-21-478588547-2897349267-337048646-1002
               	Account Name:		soclab
               	Account Domain:		WIN-MALWARE-LAB
               
               Attributes:
               	SAM Account Name:	soclab
               	Display Name:		<value not set>
               	User Principal Name:	-
               	Home Directory:		<value not set>
               	Home Drive:		<value not set>
               	Script Path:		<value not set>
               	Profile Path:		<value not set>
               	User Workstations:	<value not set>
               	Password Last Set:	<never>
               	Account Expires:		<never>
               	Primary Group ID:	513
               	Allowed To Delegate To:	-
               	Old UAC Value:		0x0
               	New UAC Value:		0x15
               	User Account Control:	
               		Account Disabled
               		'Password Not Required' - Enabled
               		'Normal Account' - Enabled
               	User Parameters:	<value not set>
               	SID History:		-
               	Logon Hours:		All
               
               Additional Information:
               	Privileges		-

TimeCreated  : 6/30/2026 12:26:52 PM
Id           : 4625
ProviderName : Microsoft-Windows-Security-Auditing
Message      : An account failed to log on.
               
               Subject:
               	Security ID:		S-1-5-18
               	Account Name:		WIN-MALWARE-LAB$
               	Account Domain:		WORKGROUP
               	Logon ID:		0x3E7
               
               Logon Type:			8
               
               Account For Which Logon Failed:
               	Security ID:		S-1-0-0
               	Account Name:		-
               	Account Domain:		-
               
               Failure Information:
               	Failure Reason:		Unknown user name or bad password.
               	Status:			0xC000006D
               	Sub Status:		0xC000006A
               
               Process Information:
               	Caller Process ID:	0xf78
               	Caller Process Name:	C:\Windows\System32\OpenSSH\sshd.exe
               
               Network Information:
               	Workstation Name:	-
               	Source Network Address:	-
               	Source Port:		-
               
               Detailed Authentication Information:
               	Logon Process:		Advapi  
               	Authentication Package:	Negotiate
               	Transited Services:	-
               	Package Name (NTLM only):	-
               	Key Length:		0
               
               This event is generated when a logon request fails. It is generated on the computer where access was 
               attempted.
               
               The Subject fields indicate the account on the local system which requested the logon. This is most 
               commonly a service such as the Server service, or a local process such as Winlogon.exe or Services.exe.
               
               The Logon Type field indicates the kind of logon that was requested. The most common types are 2 
               (interactive) and 3 (network).
               
               The Process Information fields indicate which account and process on the system requested the logon.
               
               The Network Information fields indicate where a remote logon request originated. Workstation name is 
               not always available and may be left blank in some cases.
               
               The authentication information fields provide detailed information about this specific logon request.
               	- Transited services indicate which intermediate services have participated in this logon request.
               	- Package name indicates which sub-protocol was used among the NTLM protocols.
               	- Key length indicates the length of the generated session key. This will be 0 if no session key was 
               requested.

TimeCreated  : 6/30/2026 12:26:40 PM
Id           : 4624
ProviderName : Microsoft-Windows-Security-Auditing
Message      : An account was successfully logged on.
               
               Subject:
               	Security ID:		S-1-5-18
               	Account Name:		WIN-MALWARE-LAB$
               	Account Domain:		WORKGROUP
               	Logon ID:		0x3E7
               
               Logon Information:
               	Logon Type:		3
               	Restricted Admin Mode:	-
               	Virtual Account:		No
               	Elevated Token:		Yes
               
               Impersonation Level:		Impersonation
               
               New Logon:
               	Security ID:		S-1-5-21-478588547-2897349267-337048646-1001
               	Account Name:		Wodin
               	Account Domain:		WIN-MALWARE-LAB
               	Logon ID:		0xDDFC8C
               	Linked Logon ID:		0x0
               	Network Account Name:	-
               	Network Account Domain:	-
               	Logon GUID:		{00000000-0000-0000-0000-000000000000}
               
               Process Information:
               	Process ID:		0xf78
               	Process Name:		C:\Windows\System32\OpenSSH\sshd.exe
               
               Network Information:
               	Workstation Name:	-
               	Source Network Address:	-
               	Source Port:		-
               
               Detailed Authentication Information:
               	Logon Process:		sshd
               	Authentication Package:	MICROSOFT_AUTHENTICATION_PACKAGE_V1_0
               	Transited Services:	-
               	Package Name (NTLM only):	-
               	Key Length:		0
               
               This event is generated when a logon session is created. It is generated on the computer that was 
               accessed.
               
               The subject fields indicate the account on the local system which requested the logon. This is most 
               commonly a service such as the Server service, or a local process such as Winlogon.exe or Services.exe.
               
               The logon type field indicates the kind of logon that occurred. The most common types are 2 
               (interactive) and 3 (network).
               
               The New Logon fields indicate the account for whom the new logon was created, i.e. the account that was 
               logged on.
               
               The network fields indicate where a remote logon request originated. Workstation name is not always 
               available and may be left blank in some cases.
               
               The impersonation level field indicates the extent to which a process in the logon session can 
               impersonate.
               
               The authentication information fields provide detailed information about this specific logon request.
               	- Logon GUID is a unique identifier that can be used to correlate this event with a KDC event.
               	- Transited services indicate which intermediate services have participated in this logon request.
               	- Package name indicates which sub-protocol was used among the NTLM protocols.
               	- Key length indicates the length of the generated session key. This will be 0 if no session key was 
               requested.

TimeCreated  : 6/30/2026 12:26:40 PM
Id           : 4624
ProviderName : Microsoft-Windows-Security-Auditing
Message      : An account was successfully logged on.
               
               Subject:
               	Security ID:		S-1-5-18
               	Account Name:		WIN-MALWARE-LAB$
               	Account Domain:		WORKGROUP
               	Logon ID:		0x3E7
               
               Logon Information:
               	Logon Type:		5
               	Restricted Admin Mode:	-
               	Virtual Account:		Yes
               	Elevated Token:		Yes
               
               Impersonation Level:		Impersonation
               
               New Logon:
               	Security ID:		S-1-5-111-3847866527-469524349-687026318-516638107-1125189541-3960
               	Account Name:		sshd_3960
               	Account Domain:		VIRTUAL USERS
               	Logon ID:		0xDDFA37
               	Linked Logon ID:		0x0
               	Network Account Name:	-
               	Network Account Domain:	-
               	Logon GUID:		{00000000-0000-0000-0000-000000000000}
               
               Process Information:
               	Process ID:		0xf78
               	Process Name:		C:\Windows\System32\OpenSSH\sshd.exe
               
               Network Information:
               	Workstation Name:	-
               	Source Network Address:	-
               	Source Port:		-
               
               Detailed Authentication Information:
               	Logon Process:		Advapi  
               	Authentication Package:	Negotiate
               	Transited Services:	-
               	Package Name (NTLM only):	-
               	Key Length:		0
               
               This event is generated when a logon session is created. It is generated on the computer that was 
               accessed.
               
               The subject fields indicate the account on the local system which requested the logon. This is most 
               commonly a service such as the Server service, or a local process such as Winlogon.exe or Services.exe.
               
               The logon type field indicates the kind of logon that occurred. The most common types are 2 
               (interactive) and 3 (network).
               
               The New Logon fields indicate the account for whom the new logon was created, i.e. the account that was 
               logged on.
               
               The network fields indicate where a remote logon request originated. Workstation name is not always 
               available and may be left blank in some cases.
               
               The impersonation level field indicates the extent to which a process in the logon session can 
               impersonate.
               
               The authentication information fields provide detailed information about this specific logon request.
               	- Logon GUID is a unique identifier that can be used to correlate this event with a KDC event.
               	- Transited services indicate which intermediate services have participated in this logon request.
               	- Package name indicates which sub-protocol was used among the NTLM protocols.
               	- Key length indicates the length of the generated session key. This will be 0 if no session key was 
               requested.

TimeCreated  : 6/30/2026 12:26:09 PM
Id           : 4625
ProviderName : Microsoft-Windows-Security-Auditing
Message      : An account failed to log on.
               
               Subject:
               	Security ID:		S-1-5-18
               	Account Name:		WIN-MALWARE-LAB$
               	Account Domain:		WORKGROUP
               	Logon ID:		0x3E7
               
               Logon Type:			8
               
               Account For Which Logon Failed:
               	Security ID:		S-1-0-0
               	Account Name:		-
               	Account Domain:		-
               
               Failure Information:
               	Failure Reason:		Unknown user name or bad password.
               	Status:			0xC000006D
               	Sub Status:		0xC000006A
               
               Process Information:
               	Caller Process ID:	0x1084
               	Caller Process Name:	C:\Windows\System32\OpenSSH\sshd.exe
               
               Network Information:
               	Workstation Name:	-
               	Source Network Address:	-
               	Source Port:		-
               
               Detailed Authentication Information:
               	Logon Process:		Advapi  
               	Authentication Package:	Negotiate
               	Transited Services:	-
               	Package Name (NTLM only):	-
               	Key Length:		0
               
               This event is generated when a logon request fails. It is generated on the computer where access was 
               attempted.
               
               The Subject fields indicate the account on the local system which requested the logon. This is most 
               commonly a service such as the Server service, or a local process such as Winlogon.exe or Services.exe.
               
               The Logon Type field indicates the kind of logon that was requested. The most common types are 2 
               (interactive) and 3 (network).
               
               The Process Information fields indicate which account and process on the system requested the logon.
               
               The Network Information fields indicate where a remote logon request originated. Workstation name is 
               not always available and may be left blank in some cases.
               
               The authentication information fields provide detailed information about this specific logon request.
               	- Transited services indicate which intermediate services have participated in this logon request.
               	- Package name indicates which sub-protocol was used among the NTLM protocols.
               	- Key length indicates the length of the generated session key. This will be 0 if no session key was 
               requested.

TimeCreated  : 6/30/2026 12:26:07 PM
Id           : 4624
ProviderName : Microsoft-Windows-Security-Auditing
Message      : An account was successfully logged on.
               
               Subject:
               	Security ID:		S-1-5-18
               	Account Name:		WIN-MALWARE-LAB$
               	Account Domain:		WORKGROUP
               	Logon ID:		0x3E7
               
               Logon Information:
               	Logon Type:		3
               	Restricted Admin Mode:	-
               	Virtual Account:		No
               	Elevated Token:		Yes
               
               Impersonation Level:		Impersonation
               
               New Logon:
               	Security ID:		S-1-5-21-478588547-2897349267-337048646-1001
               	Account Name:		Wodin
               	Account Domain:		WIN-MALWARE-LAB
               	Logon ID:		0xDDF175
               	Linked Logon ID:		0x0
               	Network Account Name:	-
               	Network Account Domain:	-
               	Logon GUID:		{00000000-0000-0000-0000-000000000000}
               
               Process Information:
               	Process ID:		0x1084
               	Process Name:		C:\Windows\System32\OpenSSH\sshd.exe
               
               Network Information:
               	Workstation Name:	-
               	Source Network Address:	-
               	Source Port:		-
               
               Detailed Authentication Information:
               	Logon Process:		sshd
               	Authentication Package:	MICROSOFT_AUTHENTICATION_PACKAGE_V1_0
               	Transited Services:	-
               	Package Name (NTLM only):	-
               	Key Length:		0
               
               This event is generated when a logon session is created. It is generated on the computer that was 
               accessed.
               
               The subject fields indicate the account on the local system which requested the logon. This is most 
               commonly a service such as the Server service, or a local process such as Winlogon.exe or Services.exe.
               
               The logon type field indicates the kind of logon that occurred. The most common types are 2 
               (interactive) and 3 (network).
               
               The New Logon fields indicate the account for whom the new logon was created, i.e. the account that was 
               logged on.
               
               The network fields indicate where a remote logon request originated. Workstation name is not always 
               available and may be left blank in some cases.
               
               The impersonation level field indicates the extent to which a process in the logon session can 
               impersonate.
               
               The authentication information fields provide detailed information about this specific logon request.
               	- Logon GUID is a unique identifier that can be used to correlate this event with a KDC event.
               	- Transited services indicate which intermediate services have participated in this logon request.
               	- Package name indicates which sub-protocol was used among the NTLM protocols.
               	- Key length indicates the length of the generated session key. This will be 0 if no session key was 
               requested.

TimeCreated  : 6/30/2026 12:26:07 PM
Id           : 4624
ProviderName : Microsoft-Windows-Security-Auditing
Message      : An account was successfully logged on.
               
               Subject:
               	Security ID:		S-1-5-18
               	Account Name:		WIN-MALWARE-LAB$
               	Account Domain:		WORKGROUP
               	Logon ID:		0x3E7
               
               Logon Information:
               	Logon Type:		5
               	Restricted Admin Mode:	-
               	Virtual Account:		Yes
               	Elevated Token:		Yes
               
               Impersonation Level:		Impersonation
               
               New Logon:
               	Security ID:		S-1-5-111-3847866527-469524349-687026318-516638107-1125189541-4228
               	Account Name:		sshd_4228
               	Account Domain:		VIRTUAL USERS
               	Logon ID:		0xDDEF23
               	Linked Logon ID:		0x0
               	Network Account Name:	-
               	Network Account Domain:	-
               	Logon GUID:		{00000000-0000-0000-0000-000000000000}
               
               Process Information:
               	Process ID:		0x1084
               	Process Name:		C:\Windows\System32\OpenSSH\sshd.exe
               
               Network Information:
               	Workstation Name:	-
               	Source Network Address:	-
               	Source Port:		-
               
               Detailed Authentication Information:
               	Logon Process:		Advapi  
               	Authentication Package:	Negotiate
               	Transited Services:	-
               	Package Name (NTLM only):	-
               	Key Length:		0
               
               This event is generated when a logon session is created. It is generated on the computer that was 
               accessed.
               
               The subject fields indicate the account on the local system which requested the logon. This is most 
               commonly a service such as the Server service, or a local process such as Winlogon.exe or Services.exe.
               
               The logon type field indicates the kind of logon that occurred. The most common types are 2 
               (interactive) and 3 (network).
               
               The New Logon fields indicate the account for whom the new logon was created, i.e. the account that was 
               logged on.
               
               The network fields indicate where a remote logon request originated. Workstation name is not always 
               available and may be left blank in some cases.
               
               The impersonation level field indicates the extent to which a process in the logon session can 
               impersonate.
               
               The authentication information fields provide detailed information about this specific logon request.
               	- Logon GUID is a unique identifier that can be used to correlate this event with a KDC event.
               	- Transited services indicate which intermediate services have participated in this logon request.
               	- Package name indicates which sub-protocol was used among the NTLM protocols.
               	- Key length indicates the length of the generated session key. This will be 0 if no session key was 
               requested.

TimeCreated  : 6/30/2026 12:25:12 PM
Id           : 4625
ProviderName : Microsoft-Windows-Security-Auditing
Message      : An account failed to log on.
               
               Subject:
               	Security ID:		S-1-5-18
               	Account Name:		WIN-MALWARE-LAB$
               	Account Domain:		WORKGROUP
               	Logon ID:		0x3E7
               
               Logon Type:			8
               
               Account For Which Logon Failed:
               	Security ID:		S-1-0-0
               	Account Name:		NOUSER
               	Account Domain:		WIN-MALWARE-LAB
               
               Failure Information:
               	Failure Reason:		Unknown user name or bad password.
               	Status:			0xC000006D
               	Sub Status:		0xC0000064
               
               Process Information:
               	Caller Process ID:	0x9bc
               	Caller Process Name:	C:\Windows\System32\OpenSSH\sshd.exe
               
               Network Information:
               	Workstation Name:	WIN-MALWARE-LAB
               	Source Network Address:	-
               	Source Port:		-
               
               Detailed Authentication Information:
               	Logon Process:		Advapi  
               	Authentication Package:	Negotiate
               	Transited Services:	-
               	Package Name (NTLM only):	-
               	Key Length:		0
               
               This event is generated when a logon request fails. It is generated on the computer where access was 
               attempted.
               
               The Subject fields indicate the account on the local system which requested the logon. This is most 
               commonly a service such as the Server service, or a local process such as Winlogon.exe or Services.exe.
               
               The Logon Type field indicates the kind of logon that was requested. The most common types are 2 
               (interactive) and 3 (network).
               
               The Process Information fields indicate which account and process on the system requested the logon.
               
               The Network Information fields indicate where a remote logon request originated. Workstation name is 
               not always available and may be left blank in some cases.
               
               The authentication information fields provide detailed information about this specific logon request.
               	- Transited services indicate which intermediate services have participated in this logon request.
               	- Package name indicates which sub-protocol was used among the NTLM protocols.
               	- Key length indicates the length of the generated session key. This will be 0 if no session key was 
               requested.

TimeCreated  : 6/30/2026 12:25:09 PM
Id           : 4624
ProviderName : Microsoft-Windows-Security-Auditing
Message      : An account was successfully logged on.
               
               Subject:
               	Security ID:		S-1-5-18
               	Account Name:		WIN-MALWARE-LAB$
               	Account Domain:		WORKGROUP
               	Logon ID:		0x3E7
               
               Logon Information:
               	Logon Type:		5
               	Restricted Admin Mode:	-
               	Virtual Account:		Yes
               	Elevated Token:		Yes
               
               Impersonation Level:		Impersonation
               
               New Logon:
               	Security ID:		S-1-5-111-3847866527-469524349-687026318-516638107-1125189541-2492
               	Account Name:		sshd_2492
               	Account Domain:		VIRTUAL USERS
               	Logon ID:		0xDDD0BA
               	Linked Logon ID:		0x0
               	Network Account Name:	-
               	Network Account Domain:	-
               	Logon GUID:		{00000000-0000-0000-0000-000000000000}
               
               Process Information:
               	Process ID:		0x9bc
               	Process Name:		C:\Windows\System32\OpenSSH\sshd.exe
               
               Network Information:
               	Workstation Name:	-
               	Source Network Address:	-
               	Source Port:		-
               
               Detailed Authentication Information:
               	Logon Process:		Advapi  
               	Authentication Package:	Negotiate
               	Transited Services:	-
               	Package Name (NTLM only):	-
               	Key Length:		0
               
               This event is generated when a logon session is created. It is generated on the computer that was 
               accessed.
               
               The subject fields indicate the account on the local system which requested the logon. This is most 
               commonly a service such as the Server service, or a local process such as Winlogon.exe or Services.exe.
               
               The logon type field indicates the kind of logon that occurred. The most common types are 2 
               (interactive) and 3 (network).
               
               The New Logon fields indicate the account for whom the new logon was created, i.e. the account that was 
               logged on.
               
               The network fields indicate where a remote logon request originated. Workstation name is not always 
               available and may be left blank in some cases.
               
               The impersonation level field indicates the extent to which a process in the logon session can 
               impersonate.
               
               The authentication information fields provide detailed information about this specific logon request.
               	- Logon GUID is a unique identifier that can be used to correlate this event with a KDC event.
               	- Transited services indicate which intermediate services have participated in this logon request.
               	- Package name indicates which sub-protocol was used among the NTLM protocols.
               	- Key length indicates the length of the generated session key. This will be 0 if no session key was 
               requested.

TimeCreated  : 6/30/2026 12:24:47 PM
Id           : 4625
ProviderName : Microsoft-Windows-Security-Auditing
Message      : An account failed to log on.
               
               Subject:
               	Security ID:		S-1-5-18
               	Account Name:		WIN-MALWARE-LAB$
               	Account Domain:		WORKGROUP
               	Logon ID:		0x3E7
               
               Logon Type:			8
               
               Account For Which Logon Failed:
               	Security ID:		S-1-0-0
               	Account Name:		-
               	Account Domain:		-
               
               Failure Information:
               	Failure Reason:		Unknown user name or bad password.
               	Status:			0xC000006D
               	Sub Status:		0xC000006A
               
               Process Information:
               	Caller Process ID:	0x1408
               	Caller Process Name:	C:\Windows\System32\OpenSSH\sshd.exe
               
               Network Information:
               	Workstation Name:	-
               	Source Network Address:	-
               	Source Port:		-
               
               Detailed Authentication Information:
               	Logon Process:		Advapi  
               	Authentication Package:	Negotiate
               	Transited Services:	-
               	Package Name (NTLM only):	-
               	Key Length:		0
               
               This event is generated when a logon request fails. It is generated on the computer where access was 
               attempted.
               
               The Subject fields indicate the account on the local system which requested the logon. This is most 
               commonly a service such as the Server service, or a local process such as Winlogon.exe or Services.exe.
               
               The Logon Type field indicates the kind of logon that was requested. The most common types are 2 
               (interactive) and 3 (network).
               
               The Process Information fields indicate which account and process on the system requested the logon.
               
               The Network Information fields indicate where a remote logon request originated. Workstation name is 
               not always available and may be left blank in some cases.
               
               The authentication information fields provide detailed information about this specific logon request.
               	- Transited services indicate which intermediate services have participated in this logon request.
               	- Package name indicates which sub-protocol was used among the NTLM protocols.
               	- Key length indicates the length of the generated session key. This will be 0 if no session key was 
               requested.

TimeCreated  : 6/30/2026 12:24:46 PM
Id           : 4624
ProviderName : Microsoft-Windows-Security-Auditing
Message      : An account was successfully logged on.
               
               Subject:
               	Security ID:		S-1-5-18
               	Account Name:		WIN-MALWARE-LAB$
               	Account Domain:		WORKGROUP
               	Logon ID:		0x3E7
               
               Logon Information:
               	Logon Type:		5
               	Restricted Admin Mode:	-
               	Virtual Account:		No
               	Elevated Token:		Yes
               
               Impersonation Level:		Impersonation
               
               New Logon:
               	Security ID:		S-1-5-18
               	Account Name:		SYSTEM
               	Account Domain:		NT AUTHORITY
               	Logon ID:		0x3E7
               	Linked Logon ID:		0x0
               	Network Account Name:	-
               	Network Account Domain:	-
               	Logon GUID:		{00000000-0000-0000-0000-000000000000}
               
               Process Information:
               	Process ID:		0x274
               	Process Name:		C:\Windows\System32\services.exe
               
               Network Information:
               	Workstation Name:	-
               	Source Network Address:	-
               	Source Port:		-
               
               Detailed Authentication Information:
               	Logon Process:		Advapi  
               	Authentication Package:	Negotiate
               	Transited Services:	-
               	Package Name (NTLM only):	-
               	Key Length:		0
               
               This event is generated when a logon session is created. It is generated on the computer that was 
               accessed.
               
               The subject fields indicate the account on the local system which requested the logon. This is most 
               commonly a service such as the Server service, or a local process such as Winlogon.exe or Services.exe.
               
               The logon type field indicates the kind of logon that occurred. The most common types are 2 
               (interactive) and 3 (network).
               
               The New Logon fields indicate the account for whom the new logon was created, i.e. the account that was 
               logged on.
               
               The network fields indicate where a remote logon request originated. Workstation name is not always 
               available and may be left blank in some cases.
               
               The impersonation level field indicates the extent to which a process in the logon session can 
               impersonate.
               
               The authentication information fields provide detailed information about this specific logon request.
               	- Logon GUID is a unique identifier that can be used to correlate this event with a KDC event.
               	- Transited services indicate which intermediate services have participated in this logon request.
               	- Package name indicates which sub-protocol was used among the NTLM protocols.
               	- Key length indicates the length of the generated session key. This will be 0 if no session key was 
               requested.

TimeCreated  : 6/30/2026 12:24:44 PM
Id           : 4624
ProviderName : Microsoft-Windows-Security-Auditing
Message      : An account was successfully logged on.
               
               Subject:
               	Security ID:		S-1-5-18
               	Account Name:		WIN-MALWARE-LAB$
               	Account Domain:		WORKGROUP
               	Logon ID:		0x3E7
               
               Logon Information:
               	Logon Type:		3
               	Restricted Admin Mode:	-
               	Virtual Account:		No
               	Elevated Token:		Yes
               
               Impersonation Level:		Impersonation
               
               New Logon:
               	Security ID:		S-1-5-21-478588547-2897349267-337048646-1001
               	Account Name:		Wodin
               	Account Domain:		WIN-MALWARE-LAB
               	Logon ID:		0xDCBC07
               	Linked Logon ID:		0x0
               	Network Account Name:	-
               	Network Account Domain:	-
               	Logon GUID:		{00000000-0000-0000-0000-000000000000}
               
               Process Information:
               	Process ID:		0x1408
               	Process Name:		C:\Windows\System32\OpenSSH\sshd.exe
               
               Network Information:
               	Workstation Name:	-
               	Source Network Address:	-
               	Source Port:		-
               
               Detailed Authentication Information:
               	Logon Process:		sshd
               	Authentication Package:	MICROSOFT_AUTHENTICATION_PACKAGE_V1_0
               	Transited Services:	-
               	Package Name (NTLM only):	-
               	Key Length:		0
               
               This event is generated when a logon session is created. It is generated on the computer that was 
               accessed.
               
               The subject fields indicate the account on the local system which requested the logon. This is most 
               commonly a service such as the Server service, or a local process such as Winlogon.exe or Services.exe.
               
               The logon type field indicates the kind of logon that occurred. The most common types are 2 
               (interactive) and 3 (network).
               
               The New Logon fields indicate the account for whom the new logon was created, i.e. the account that was 
               logged on.
               
               The network fields indicate where a remote logon request originated. Workstation name is not always 
               available and may be left blank in some cases.
               
               The impersonation level field indicates the extent to which a process in the logon session can 
               impersonate.
               
               The authentication information fields provide detailed information about this specific logon request.
               	- Logon GUID is a unique identifier that can be used to correlate this event with a KDC event.
               	- Transited services indicate which intermediate services have participated in this logon request.
               	- Package name indicates which sub-protocol was used among the NTLM protocols.
               	- Key length indicates the length of the generated session key. This will be 0 if no session key was 
               requested.

